INFO : 2019/06/26 11:15:21 Start
INFO : 2019/06/26 11:15:21 Read PGP keys: Public & Private
INFO : 2019/06/26 11:15:21 Connect DB: OK
INFO : 2019/06/26 11:15:21 Last0 730
FATAL: 2019/06/26 11:15:21 open backup/1.block: no such file or directory 1
INFO : 2019/06/26 11:15:55 Start
INFO : 2019/06/26 11:15:55 Read PGP keys: Public & Private
INFO : 2019/06/26 11:15:55 Connect DB: OK
INFO : 2019/06/26 11:15:55 Last0 730
INFO : 2019/06/26 11:15:55 Processed: 1 95e22ae1414370998732d0352d58e40f9b20b6316a68b3871a92dde14b64bdbd
INFO : 2019/06/26 11:15:55 Processed: 2 2a3224d7e8f85a48cf84df20e0980d08627799b87217baaaeb2983733366493e
INFO : 2019/06/26 11:15:55 Processed: 3 ea20e9a95a9cee589c53444248fdd11f91c4c1c59a9ce8337670747a5d5ce7b5
INFO : 2019/06/26 11:15:55 Processed: 4 02c7339343ed9ce7d9ecc89659530e7c03d12fbd6e4c733b4fa0f2c94ca77c65
INFO : 2019/06/26 11:15:55 Processed: 5 2f80db1a7212ced31af0ed8ddd358c30084ca3303bfe70306089e555ccab0d2a
INFO : 2019/06/26 11:15:55 Processed: 6 018e6b667408a3a626127be6fa77156f5208074b70c6ad32a31d50d05c378da8
INFO : 2019/06/26 11:15:55 Processed: 7 9d3f5546413cbec26422120185cb1a4e16ce26228ed6bdc6e10bda39d863db8f
INFO : 2019/06/26 11:15:55 Processed: 8 eed0ef4849082722b9e80f7efb27494233278717dd4512d7f6c401f153b29d01
INFO : 2019/06/26 11:15:55 Processed: 9 f4441ff816a2ed7bcf12bac7ac48acf5c32118eaa8dd664fd101e0567d70ee93
INFO : 2019/06/26 11:15:55 Processed: 10 d402179bc0485b01d07b64b06cdbd57fc68a1edbb48846eac979d434aa525751
INFO : 2019/06/26 11:15:55 Processed: 11 bcc74592a682cfb76d9ab8cb91959f5758f91649ef22bae5fa449bede39549bc
INFO : 2019/06/26 11:15:55 Processed: 12 16e1f4aa9bd1ad122fef9598939777e72ce29383366959afd5997e338e243017
INFO : 2019/06/26 11:15:55 Processed: 13 a48f8f4184ede44beb9a6f5bd3de91a43639d610d8e4bbcd91af4131041a2533
INFO : 2019/06/26 11:15:55 Processed: 14 e830fd304e8d9b465fe1beffe1466cfab2caa712703e971792858fb223f191f6
INFO : 2019/06/26 11:15:55 Processed: 15 7fd27d504e18184e3fc8c754ff4aa392821c0791a5378338c1e3aa4811869c03
INFO : 2019/06/26 11:15:55 Processed: 16 2dccb88f72e9a97c41bd24a32afbee6e4aafa8bf0c8a7264447ca1a84bc8536a
INFO : 2019/06/26 11:15:55 Processed: 17 d6237fdde8198abbf2038f713374462400758b6080610f28833b8ccd0fa4fb68
INFO : 2019/06/26 11:15:55 Processed: 18 a2f643a5505b002f4d30f311d20ddb73ea02468ddc3a463d28f62a76d00975bf
INFO : 2019/06/26 11:15:55 Processed: 19 c35fa3d9808fbe91bf99191702217719cc6832ae9142f4f11b17a6c4a1c85010
INFO : 2019/06/26 11:15:55 Processed: 20 33168b0bad7579ce00485779683525a5870952881276c81e151b23ba73ddf7d2
INFO : 2019/06/26 11:15:55 Processed: 21 df0adf0761b7d9d67afd60a3fc6ce506b52a855ad378c363b10de0c6fd4de199
INFO : 2019/06/26 11:15:55 Processed: 22 c5ae9b4c27a6a10ab0b27981bf6e7b3dbc20218584cf6612882c5c0da0337c27
INFO : 2019/06/26 11:15:55 Processed: 23 dc9a40c7335f640851c73a510b11d0928266c7ceec4242156a86a394b89cfaf5
INFO : 2019/06/26 11:15:55 Processed: 24 0c08e6aa9be0571fdf00d90e7b4e4f1fb6357660b902f23ba3696f071fce6fc4
INFO : 2019/06/26 11:15:55 Processed: 25 ad760e874d1909d1f651c6001d1f9c4f1cb232b64e9c6988c239222de2a294b7
INFO : 2019/06/26 11:15:55 Processed: 26 0118f4f00056fe9deae5064430242edd5f114eaaa89b76462221b7d324256848
INFO : 2019/06/26 11:15:55 Processed: 27 38962240c55724a22403b8bd8e0ffe21c26faf854a4a4d0cf73074540d90e56b
INFO : 2019/06/26 11:15:55 Processed: 28 0b44e037dd586a0dfe1828886780727c38efa42c1ee746cbe6f468f83bd1c7fa
INFO : 2019/06/26 11:15:55 Processed: 29 cdad425d64f404dc850ee56728b883f35acff9596e458cad499ca7e22c4258cd
INFO : 2019/06/26 11:15:55 Processed: 30 d8d9aa8fa79fb373fc4bf7c32d978662d35b8fad0d294b56f14bcc7cb3ade8d3
INFO : 2019/06/26 11:15:55 Processed: 31 e64e646541fb499ba8ad5c18399cac41bc5ec3fa4480b9ce8843c457110b731f
INFO : 2019/06/26 11:15:55 Processed: 32 65763926c5c1c04686a764cbb0074dc5e4f052035dbb8e1ea24210704bf8737c
INFO : 2019/06/26 11:15:55 Processed: 33 855d50b5849697f89de71b1e35dffb04e83dbad8d2ee3685ef6cc2c1a5b266da
INFO : 2019/06/26 11:15:55 Processed: 34 bc6bad5daabf54351a6ef22ca354db096a268478a0498f59b61e9dfab8c0bcda
INFO : 2019/06/26 11:15:55 Processed: 35 70148607fe7fd91991212ce316ffb6046aaadd1a616636d3e8b0bd2e641ca055
INFO : 2019/06/26 11:15:55 Processed: 36 facd5e0e9f387979040b88ae0ef7d73803b096e3c534d5f561fd41b8368a8825
INFO : 2019/06/26 11:15:55 Processed: 37 a8d5a59e6ba0b7ad242d79a39ae1e0d392a7c18fe9ba0b3e4ec695fc3c71c5f1
INFO : 2019/06/26 11:15:55 Processed: 38 24205c8341a799b9af9a71e5cd3b7ae85a68d9093698cbbcb893c22f9aa08055
INFO : 2019/06/26 11:15:55 Processed: 39 3dd3a3103f4df2db55aa1df8e7642909aff294a77e7c344a43fab6742339f0ef
INFO : 2019/06/26 11:15:55 Processed: 40 3cb323d98f1555ad8bc88c17b15164cb91b09815a36294dd2ffc6678bc90ddf5
INFO : 2019/06/26 11:15:55 Processed: 41 82e8e0b9311ece83350f124c73a2a848308d5c65355013af2761066df3bbd3f2
INFO : 2019/06/26 11:15:55 Processed: 42 1f53aa7d6cac8814758d13bb4e175c22b484ccb4f3fdd5468880673c2baa46f1
INFO : 2019/06/26 11:15:55 Processed: 43 2e832da20172cffb3b69cc39f344b5e5abaa2e3dbb152885e5ae2fac50e6fd60
INFO : 2019/06/26 11:15:55 Processed: 44 9e5686730fcda7d59fe79b216ca4ead94497f373e92cbdc25777101f28f3e464
INFO : 2019/06/26 11:15:55 Processed: 45 858a6411b07c64679019f3e939f7c88402a9fba510144746f1444ae5852264c2
INFO : 2019/06/26 11:15:55 Processed: 46 ea0c8bbd54e219b1957b4c10081baadfcff7da51caf00c39c3cf6ef9c5610663
INFO : 2019/06/26 11:15:55 Processed: 47 8f87000e4fc551be218d3d58895112c7ee5790ccea100320c07a0dfd83e2591f
INFO : 2019/06/26 11:15:55 Processed: 48 14c4a2c21777dd0a46de1b8699136c40ba1d8d2db9d4a55d20797e73ea2a3e12
INFO : 2019/06/26 11:15:55 Processed: 49 56e6f3214249a3c8a0fa1bd777ecd4e12d97050d09cfc403dd2380aaba32c4e5
INFO : 2019/06/26 11:15:55 Processed: 50 548d4dfe6d4d5f86df64b49005e81d038879ab09dad92dd9ddfa9a198bade9d2
INFO : 2019/06/26 11:15:55 Processed: 51 067d9147ee3a686ae821ad73dc45607bbcf28c44388d7e1b9ed07eae71969d44
INFO : 2019/06/26 11:15:55 Processed: 52 5751c142b6ddc93b4a034bf848f82db0e5a95c465144bcdefcde232eaca1379b
INFO : 2019/06/26 11:15:55 Processed: 53 049186f2722b6676d8d0a5770beaca9ff70d20af121e4657d0d31d5b2e590f2c
INFO : 2019/06/26 11:15:55 Processed: 54 230c08b7ac3e9f239b884a551d73bef75b28200c388aa19c3133a8457c4af47e
INFO : 2019/06/26 11:15:55 Processed: 55 884b6ded4610e281bc816968d7c13ca380c69eaf4461a7d762798232c340f60a
INFO : 2019/06/26 11:15:55 Processed: 56 0c242492d8f649736c6400e0ab04289575a3e899e0a849a4a4161ca9703b0dbd
INFO : 2019/06/26 11:15:55 Processed: 57 2e329321d1e77b7d8bf965e18a36b79265362ebb53368af4eef10b45075ce422
INFO : 2019/06/26 11:15:55 Processed: 58 f7a6a47484e7e5bd5b779e07b2aa314bb2a40c5484cf7702c2262d572c0d20bf
INFO : 2019/06/26 11:15:55 Processed: 59 0decc7c7351b0a369e8827642be734586ec1ca1d417d7124ebf7d2a18d6b1d5c
INFO : 2019/06/26 11:15:55 Processed: 60 78d986701c5d8ef98e9b13dee1555e7b410c1fd2537f2a7e95782cd0ddb6db53
INFO : 2019/06/26 11:15:55 Processed: 61 ad57b1124f5f35a7d7f76e29ec78a96df45ce532a571db5d826c31f271cb2f99
INFO : 2019/06/26 11:15:55 Processed: 62 be990a8e031244dd78d1183e8cbc0c910ba31bdf448e684159a3fb41431bc617
INFO : 2019/06/26 11:15:55 Processed: 63 3aa5962a4b05e3b33fc125cf95f308226cd316d8d8cc59dddde1a9db747ea0dc
INFO : 2019/06/26 11:15:55 Processed: 64 656315b4e3d702822ac2038ffcf449b008644ab4389bcc7e5fa9e169d2e21ddf
INFO : 2019/06/26 11:15:55 Processed: 65 7b2db1d61991b7e4a95e1f56b9136572858d2cdd979d7898790517faa3711f04
INFO : 2019/06/26 11:15:55 Processed: 66 d99431506256ed28d889dbe9f0424866be5862b4955a92a2912e3a6876dccc27
INFO : 2019/06/26 11:15:55 Processed: 67 6b925de3c725420fde363f807afe20b46e3fd3bf8576fe7257afbe5204f9910e
INFO : 2019/06/26 11:15:55 Processed: 68 358aef9f9cebf65b1f881e191968915bb21e82e6d2cbf08575ccd52a076201ac
INFO : 2019/06/26 11:15:55 Processed: 69 eeeba0a83822efba959df2772ff7a81cdbb2f9ec2ac13141f55839650b341a75
INFO : 2019/06/26 11:15:55 Processed: 70 b341d710fd1130aa4fd814bf028e756afb120129f36fa64ad27a5d9badd1a006
INFO : 2019/06/26 11:15:55 Processed: 71 7d1ba60a6f28e1b2a9b9818b477f3433254b3ea45a70d4ce2c3b3de4dc35d200
INFO : 2019/06/26 11:15:55 Processed: 72 b8d160eb47c09535517adcf327206e77e76c48ba51cdbdf6a3aa0b20a7473d68
INFO : 2019/06/26 11:15:55 Processed: 73 58a087a00cb6659ca886fedfbd23dae15d32bf8d98d8ba44b41ff87ac7b5f3f5
INFO : 2019/06/26 11:15:55 Processed: 74 c060c974e75f473dfca80cf53614db6a4f16a3deae5279d296d3a3ece7f0999b
INFO : 2019/06/26 11:15:55 Processed: 75 0c48fa139b4c15e4fe1716bacd818a80509c21ca8f59f60899fb15c0d041f223
INFO : 2019/06/26 11:15:55 Processed: 76 2e8fc1bc9f0fde00ca40f2e3099fce61d5da61042440e523ee533e749d788a06
INFO : 2019/06/26 11:15:55 Processed: 77 713a1a3fa77d38ada1319b0aa80bc916d83a06ac98d7ebef13c91eeda58b96b8
INFO : 2019/06/26 11:15:55 Processed: 78 9c4f87f41171127479e16316695037476b8e14b478eed358e81db88847900d9b
INFO : 2019/06/26 11:15:55 Processed: 79 4d8e2638e1cf006714de33bb0155ddf2101ba3f58e9ee45ad6bf559fc2a7513c
INFO : 2019/06/26 11:15:55 Processed: 80 c974b371be6d97255e3c255d4f44daf2ff550c9f6681ffcb20dd00f613c6305c
INFO : 2019/06/26 11:15:55 Processed: 81 a4173d6732ba650dbcc9035b50840562f08313e5faf331700f85a8f7ced80231
INFO : 2019/06/26 11:15:55 Processed: 82 131250ccd2187d8845e4a65ce560442e7aba80c223587d7d369f6fb8e80f686f
INFO : 2019/06/26 11:15:55 Processed: 83 815eddd5e810af95153aeba02eea72215fd0844e4b29d8786417ad6d51a85043
INFO : 2019/06/26 11:15:55 Processed: 84 70f59d4f73943bb04b2bd6dc599161a0484c4321c816d200c3ba7e1fde39c82f
INFO : 2019/06/26 11:15:55 Processed: 85 7e1c2823864040beef11fa6f659a9ca814034b69787bc7c4cc3b34eef1f6ccba
INFO : 2019/06/26 11:15:55 Processed: 86 5d9c6f4cdd469e6b09a05f6c769c3f87403d3d3a5dbcc66cd764781ad2f4ec4c
INFO : 2019/06/26 11:15:55 Processed: 87 81b21bfdd366987a60365d712f906dd6b8c16da46232fd95b6427b3128b5b3a3
INFO : 2019/06/26 11:15:55 Processed: 88 97477572c6bf89953cabf3bfd921b84befd1a57b13b29569d2f64cd6bd1494f5
INFO : 2019/06/26 11:15:55 Processed: 89 a33a1d8d8d8235b35220ede81e02bd3b119e5fc97ff55b6d56070ec56ac2a76a
INFO : 2019/06/26 11:15:55 Processed: 90 355cff5bdb9dd43691422cc285b0c2bbea54ed27d099b5a98474777ca5e2aca0
INFO : 2019/06/26 11:15:55 Processed: 91 d44487c9cc75ea0f934ae221e68563b619157c2f884b69903e447256eb9f87f0
INFO : 2019/06/26 11:15:55 Processed: 92 714ed5a2c6b13245063b2dbbedb0d0a6f59e0749449097084588d3e593df8787
INFO : 2019/06/26 11:15:55 Processed: 93 3888863f2a97686adf623a1cc3e1048916ff96e7848eeec345134e6072301b66
INFO : 2019/06/26 11:15:55 Processed: 94 2bec2d6c0b391dcc5fd2d3578186dacbebce8cd8d779a67c7e2049c37ee63360
INFO : 2019/06/26 11:15:55 Processed: 95 dc6c30a75d3a3fb2aac72a3f0326f08b59bea55152f7216068429148ccc1dfdf
INFO : 2019/06/26 11:15:55 Processed: 96 b9312585cc3c2465368c11b951a475bbeb5489539f6337d2215ff51a76a1937a
INFO : 2019/06/26 11:15:55 Processed: 97 b3dcc85384414269502afdafbdf08c7578cfdceedb28efe3c728528fc5f0c4aa
INFO : 2019/06/26 11:15:55 Processed: 98 22f2646b812be2d61e96525d5fa599562cb52e4a9668f410772d712f4365360f
INFO : 2019/06/26 11:15:55 Processed: 99 ec24b17cfa6189b5a6714f72b791430749a85ad415cd9c2324cedc529bea15b0
INFO : 2019/06/26 11:15:55 Processed: 100 4b7f73ee8bfbae06826bc8fb6f50b1d80c97e965bdf8adc12b96b1119217ae21
INFO : 2019/06/26 11:15:55 Processed: 101 73c5e7d4af62933f119251913b4a26dfb640f60b7616915a8b15b24a102917b9
INFO : 2019/06/26 11:15:55 Processed: 102 e3adf762eb310a17eb962ea5517d574968cf9b73fe3e00add39ae1f9c253d2d0
INFO : 2019/06/26 11:15:55 Processed: 103 b37b8b0e91a81003a1073fecb6c8b876d89dba813c905c0912364eaf344e8e32
INFO : 2019/06/26 11:15:55 Processed: 104 92324a89cb8f704b9dd412bc28b726d87050ac6a3ae3b1eaff648f4d94782732
INFO : 2019/06/26 11:15:55 Processed: 105 a8b8caf1a25864aaa7fe953b337f4e62ede029ba0f091ef1cc110e3ffdd40c0b
INFO : 2019/06/26 11:15:55 Processed: 106 5c68ef63be1c6c3dc9e8e68aa3064a39a973718a0b9266dc79231132ffba0a9d
INFO : 2019/06/26 11:15:55 Processed: 107 c7a271d82ab46b24e1cafc5e7a52aee38079d0f71a66db68f015950cd1e67b36
INFO : 2019/06/26 11:15:55 Processed: 108 53288012cc425354611b97dd3091309c760a99e15733f131e060a0669a5dd1b7
INFO : 2019/06/26 11:15:55 Processed: 109 0a26adda5547d3c9e243196532274efd27a5034b25e1edc354bc6a2369d02f78
INFO : 2019/06/26 11:15:55 Processed: 110 92cea3127033e2421204d50c3fc34469e5195bc4b649979f21b856feff7a4a19
INFO : 2019/06/26 11:15:55 Processed: 111 8328f24ae869d453b1b0b7ba2fc236b87e82f1333960808c3f611fee82a67585
INFO : 2019/06/26 11:15:55 Processed: 112 ad46621715d4a281af0dfb6ae222510e56657dca80adbb11243254ee532a29fd
INFO : 2019/06/26 11:15:55 Processed: 113 96fb896fc6718ec74fc3ce48a2590f1efe80544e93a77452cc729c5111852776
INFO : 2019/06/26 11:15:55 Processed: 114 feda1c38f278824229c2fdca623234c76067d98a20c3d6d36d6a0e761e2d4abe
INFO : 2019/06/26 11:15:55 Processed: 115 4c738c5495a14d89a1e3d996135449ea96eb77c01afa0dd5c83069152bf2f943
INFO : 2019/06/26 11:15:55 Processed: 116 9f651a551a0c2ace62b9c7b431a7b3d97f16bea8ab52fb45203aeb6d08fba223
INFO : 2019/06/26 11:15:55 Processed: 117 eede37cc1f66bb17444a223be364f9ba6b92f4dc35f4eb49b2c36cc41dafa6a6
INFO : 2019/06/26 11:15:55 Processed: 118 72b9aa8ff6b4a87ebcf9b6e43078208e924d7345f988a7c881834fbe4383308a
INFO : 2019/06/26 11:15:55 Processed: 119 d34143f84afee9f3c99a85144b175f7362c44c6730f8ec220a9590c50534cbab
INFO : 2019/06/26 11:15:55 Processed: 120 c46957dc6f1a3e4fa98eb1f7c231662a9859f6b1d90d8d91ffae6b6ed23c5ca3
INFO : 2019/06/26 11:15:55 Processed: 121 36970e5de65d85397438d9c27e8ba7ab360af9eed1f005526159bd0b007fc94f
INFO : 2019/06/26 11:15:55 Processed: 122 9d700222c0ce1a1b359ff91de0591858d5f916e7466ce8f064ce36f558403647
INFO : 2019/06/26 11:15:55 Processed: 123 fcc6281295e2d685562cb41285d5e7369ae67fab80655cd58818cf179155d5a9
INFO : 2019/06/26 11:15:55 Processed: 124 f68ad5cd3d8e6356a1d26586ec29772d9fded4471c26574d6771e032d27831ee
INFO : 2019/06/26 11:15:55 Processed: 125 7aa89bd7790d21c878e2deed40508896481edcb214015e5f27a834a5dbf2fd75
INFO : 2019/06/26 11:15:55 Processed: 126 1b1b607ac5b6e62c34c9fda16e9db9bdf875c321382ed8d2660a4ecd04c44865
INFO : 2019/06/26 11:15:55 Processed: 127 171c0383b26bc2b31a8102faea9d8c0152807df3ed3e37e80a5845ccedfbd134
INFO : 2019/06/26 11:15:55 Processed: 128 71afe1b10c52306cb3c52d071a354aa688be10cd5c48325a9cf7c96b5cce09dd
INFO : 2019/06/26 11:15:55 Processed: 129 5f44cca3ba9c7d6389a3dbebe3c07bd03701fc06623110e78e177dcf15e1b627
INFO : 2019/06/26 11:15:55 Processed: 130 f49b19eb0e8c8be136eb1de7ffda9c755b79eead69aaae4a70c44a0785e940a8
INFO : 2019/06/26 11:15:55 Processed: 131 defb616e05f0164c2e280bb784eb1a4e38d806c6869fc108557f618266c4750d
INFO : 2019/06/26 11:15:55 Processed: 132 e7ec89480207f021c0148a9c8daef9e297a26800a5dd83c07ce1129c350811e6
INFO : 2019/06/26 11:15:55 Processed: 133 ca3ffdbf95db69e25a92ba25696099750462354de9a37def0e950adfba1d9170
INFO : 2019/06/26 11:15:55 Processed: 134 46c5d85bc37a3c1ae8b1e4c7b3917b3d931c5bf891a00b66a130303f263142b8
INFO : 2019/06/26 11:15:55 Processed: 135 629502cedcab237a1fd9296bf5384bea97ea64393f9f4d7db5621425472f2d4e
INFO : 2019/06/26 11:15:55 Processed: 136 a593be04f50623b9810b17dec47d5b79df3d2e702b3cce4f6145764edc185477
INFO : 2019/06/26 11:15:55 Processed: 137 a3492c0f702080e8a65bf2a6910ca071fab6e4138e217fdbe23ed6e53297e2f0
INFO : 2019/06/26 11:15:55 Processed: 138 3b5f6dbe04a0dab1afa19b8f8e3d025bafd255e2f92c9df532f3e5fc368eaeed
INFO : 2019/06/26 11:15:55 Processed: 139 628cdc0333a213dfe38cfbb9b19f26cf6fddefbb396bff8cccd3b4a7f15fbe55
INFO : 2019/06/26 11:15:55 Processed: 140 7b4df9faaa235fb27f5aa9977bb72a90aac8c00b052d41dc9f074519e80adee8
INFO : 2019/06/26 11:15:55 Processed: 141 7f4baa4510fdf10bcba409ac12eb3d424aec5264cc73bebac45bf7ccb66b19fa
INFO : 2019/06/26 11:15:55 Processed: 142 811a846537c30e45c24a52e209ea9fd9be5098f50f0cc61f553e46d0fcdbfa2e
INFO : 2019/06/26 11:15:55 Processed: 143 e2be2bdc9b7c111310b307fab350a9f728db94b049ce11d91013363b6032e6d0
INFO : 2019/06/26 11:15:55 Processed: 144 d9455d802a12b85364fda61bbccc5259c5737664b12cc9f5c5a69429f9dda3f8
INFO : 2019/06/26 11:15:55 Processed: 145 b0f7eb1974d433047c32e420c131c888889b03543c75259ccae4823b01a8545f
INFO : 2019/06/26 11:15:55 Processed: 146 2f35dfcfc650ba71028c26819806a187bcdd251e2c29ef9f9e19b7392aa57766
INFO : 2019/06/26 11:15:55 Processed: 147 8a050583e03a837e62eb9df3fe69d7a86878ae041d613abc77867ba470aee374
INFO : 2019/06/26 11:15:55 Processed: 148 782e934201db7166ab04ae4eca1cc2fdfee7da4c8ca0d69d66000c99b26da779
INFO : 2019/06/26 11:15:55 Processed: 149 bb98dddf6b25e1729725fcd8c1ff9430321cfef1886b2fd1150ad748eb96a73b
INFO : 2019/06/26 11:15:55 Processed: 150 25802cfe4c92c4cc1ed15105d96de879ee7cc5577c4a0dbc6bc944e762132ec0
INFO : 2019/06/26 11:15:55 Processed: 151 20fab5c66bbb8715d6fe8eb967dcf066e3cd2b7be42169455a001e04ea6f0e3b
INFO : 2019/06/26 11:15:55 Processed: 152 f7b01a625d1f8be85bbb1a212adf9bd0defe53e94dbb1d55e52e8a09eb9bac3e
INFO : 2019/06/26 11:15:55 Processed: 153 0fb61e9d1afb8879c2945dbd79b76cc1d4169dccc4b3470d988f057a34572fcc
INFO : 2019/06/26 11:15:55 Processed: 154 a698f7baf5fef5805097f5b4915d983f165565101ac2a79bdd0b58b08ba03815
INFO : 2019/06/26 11:15:55 Processed: 155 b311eb17e14ce2e0d5a46e011ffa71ef69c29630734205ade1ab5f1f6ce4436e
INFO : 2019/06/26 11:15:55 Processed: 156 73df296776ab88269b3ab9d8dd6673537a3edfc82c5ee9805513dd84788fc395
INFO : 2019/06/26 11:15:55 Processed: 157 b9883cf238eef699764dc42a96bbd39e6d7009c6525825aad2b50debc1e93f52
INFO : 2019/06/26 11:15:55 Processed: 158 20580dd1fa8c9d10dad1e3e5358254da112386d939be0965171e085918fcb611
INFO : 2019/06/26 11:15:55 Processed: 159 fdfe78840cdcc827cdff37cd09939c2c22c6b1011a68716a7846ada516d8b3d7
INFO : 2019/06/26 11:15:55 Processed: 160 c86897ad25f6abbe1b21f79821e8fff28e0710f8e010a2a77ad5472a917c378c
INFO : 2019/06/26 11:15:55 Processed: 161 51c22b96ceab96987aa5bd3528fb73f9b6de439b5a482b2a3ecc1b5305f424b2
INFO : 2019/06/26 11:15:55 Processed: 162 a836635bff9db15773a7861755e65e9f8039f1b8c2c15e083a7188058714add1
INFO : 2019/06/26 11:15:55 Processed: 163 ce33e037522c68edf7179113a74552a706538c371da8bce0e01cb2aae1c75156
INFO : 2019/06/26 11:15:55 Processed: 164 e7154783dc3dafdb1d9e2ac14d9cc6bcaf93ba0361d3055b40d8718a38e1a056
INFO : 2019/06/26 11:15:55 Processed: 165 e41d9a9581ada72705344184f78d5f339b2d872071886330ff845d4beff882a2
INFO : 2019/06/26 11:15:55 Processed: 166 fa1a5f4d136b814d7f5f6b1f8837ecf34fcbfb08f7307b3ba98177d7395eb417
INFO : 2019/06/26 11:15:55 Processed: 167 a5dbc67c7ea364428dc72ae0ceb4cea9b86e783dbbb65ecc61d70e11e30750ed
INFO : 2019/06/26 11:15:55 Processed: 168 437b53855d1c132c86aaf54cddc51b42c65d3b6a00459157fd564fd99fbaa599
INFO : 2019/06/26 11:15:55 Processed: 169 e96320ebcd1c401269071e9b9d3b25a9290ea65d32e9fdbe6c9517035aee6cdb
INFO : 2019/06/26 11:15:55 Processed: 170 574fbcdf663b73dd15041f787e9a8d9cd47ca6fa62ae12ba6ba07126f51010bc
INFO : 2019/06/26 11:15:55 Processed: 171 0091683b6daf8f6b25747e601a1e8f167903329201aee406b451b6eab0e62f29
INFO : 2019/06/26 11:15:55 Processed: 172 d6d0d23797d9b2a5a4b5eb8f9f0b992ed1af189e6436997ff9bc05261181ec5c
INFO : 2019/06/26 11:15:55 Processed: 173 16f9d7df4bd105104d3ffbbd9cb76ba202d3c96218ca8909af842035720151a9
INFO : 2019/06/26 11:15:55 Processed: 174 d9204d73f399f978a02d617c3ba8bfec8072861a833c2d5af844932a9f9d5a53
INFO : 2019/06/26 11:15:55 Processed: 175 a85bfafc0c3a93b77d16b929b8c6cfd8c60b12f99f76627b219f6d37e86b75aa
INFO : 2019/06/26 11:15:55 Processed: 176 91e93685fe4d09e0fb005f109a2f5275cea9f368fdb504948feb5f7cce7cf2ef
INFO : 2019/06/26 11:15:55 Processed: 177 afb015efc3e8d9940636e97b74655f47f351437aec70b253340a3c7c1fdca1ae
INFO : 2019/06/26 11:15:55 Processed: 178 abf6c6d303a5f50b354623b0e627f8eecc25f7490f0e4b43c5843375b95b6cb0
INFO : 2019/06/26 11:15:55 Processed: 179 bcdca96b530ad68d0a5cdcff58530d23352444fe3c28b3a2b9b6bdd73263ebfe
INFO : 2019/06/26 11:15:55 Processed: 180 6e8334486976be37161587b409689b6c5d87eb4528af1fdbdde8ce3265e1da2f
INFO : 2019/06/26 11:15:55 Processed: 181 be511eadae7bb950e63320e54470995d89801d035b2340c423e57297f7dfc2f6
INFO : 2019/06/26 11:15:55 Processed: 182 bbdf9779956900074bb4d73fcfa6432d27fc339fcb255697987ad795dceac331
INFO : 2019/06/26 11:15:55 Processed: 183 74fe00a436f835c842aa3fa0512931b77e4cd38dce439342e4e04cd90275e334
INFO : 2019/06/26 11:15:55 Processed: 184 3e84b0256d31cbed987f5528c46012ec300dc85a04b6ac84cbfdf16d9deb53db
INFO : 2019/06/26 11:15:55 Processed: 185 2307158d7ce2269daf08d3c2b028cdae76c66b4cb8c82114eacc8c9862d55bbe
INFO : 2019/06/26 11:15:55 Processed: 186 c363847055c00ae0dbff50ae639b9a4c12f9318c0a53bc64c8a9320784284d74
INFO : 2019/06/26 11:15:55 Processed: 187 0173e876e14076e4ae65e1cb0115670de3463bc18d7fbee75ae6f944e3c2cdb9
INFO : 2019/06/26 11:15:55 Processed: 188 f137c5c804ddee1ba727c0e2a3428ae88520d11ac906d88e99aa9fc2084f3671
INFO : 2019/06/26 11:15:55 Processed: 189 195c8011c034589fd1107612e7797b0d28852b670d2a523b1e04d5096f2fd6e3
INFO : 2019/06/26 11:15:55 Processed: 190 06328460ed2ee018deda8fc2698d2247a271c461a01fea44604e048bd821f964
INFO : 2019/06/26 11:15:55 Processed: 191 cfdc1815bff106dafe8143324c4820b07e699d65c22745057f47730612575b8e
INFO : 2019/06/26 11:15:55 Processed: 192 51d5faad710c00e1562043c379128546708101c436ca46aa04636ea12b133129
INFO : 2019/06/26 11:15:55 Processed: 193 236ab77084e3605139695cf2c532fb731af4575b876844cb625ca46f5f5ae763
INFO : 2019/06/26 11:15:55 Processed: 194 7c6be858472ad928b45875c73e0a6378573bd6ba8dae9bff4d2d36ecbbe53bed
INFO : 2019/06/26 11:15:55 Processed: 195 72e9f28a29beee98d35ab5e99ced0608d139e223786e559a37929a9a8137619d
INFO : 2019/06/26 11:15:55 Processed: 196 80820d4ac9736fae3c1e19934ff0051a94b47596d488f196b46525615a1a36e7
INFO : 2019/06/26 11:15:55 Processed: 197 d51ca267dfb56204d96c2d4feb665a447070c768eff46a8055983f6ac96005ec
INFO : 2019/06/26 11:15:55 Processed: 198 fe8d073c80a0b492bbe2614c3d9eb3b385604890334ce13a2e4da1c419fe6a02
INFO : 2019/06/26 11:15:55 Processed: 199 3fe06a742bc6edc038870ba246acaed540db847856a63f28dcb0567f395eba4d
INFO : 2019/06/26 11:15:55 Processed: 200 4a7c061765485376152ee92e3380d54e483119d6b2f00f59eb85536abf890394
INFO : 2019/06/26 11:15:55 Processed: 201 f6f65d910832f63d6bbdecbfaa68eda8ecea0e88f14d7329a9841f86c3b61b4d
INFO : 2019/06/26 11:15:55 Processed: 202 4c152b595b093403f481cd3606584ac85d1f589ba656584eb2d9e73afd2a91aa
INFO : 2019/06/26 11:15:55 Processed: 203 3816424792fdd4aa6b75db130130559cd3350c58b6f6ebaae386709c7f8341a3
INFO : 2019/06/26 11:15:55 Processed: 204 f4b4cf6a9a95792505400d0c78f6bdccb7324b2263ba83074d0feae8cb2455d8
INFO : 2019/06/26 11:15:55 Processed: 205 63985179ddb0a1f7518154a9e6ffde6045de5dbc09d9129b55a9dfbc9efb0502
INFO : 2019/06/26 11:15:55 Processed: 206 4a3420299846d06994150181937d0f65d4f73a18e654b3d5c39ba1e5aec27d70
INFO : 2019/06/26 11:15:55 Processed: 207 56f9a89dbe2d2c50a5bb7fc91868497b29be36eb9cbaefac461de686a7178664
INFO : 2019/06/26 11:15:55 Processed: 208 4d6dc08701582f9ca7c518efbf7d43360f23c03b668bf467795ab1630e96f1ea
INFO : 2019/06/26 11:15:55 Processed: 209 8a7db9766b8e2ab15f0ac39f838a762907ebea98bd07c661d5d221dfc46ed9d5
INFO : 2019/06/26 11:15:55 Processed: 210 42245b6a09324d313359349b2a5ab5249c28368b340214798946c75eafd19f68
INFO : 2019/06/26 11:15:55 Processed: 211 cf03efe4f4649c119877d617af3404c5f983283f724521b18f41f3f645c25863
INFO : 2019/06/26 11:15:55 Processed: 212 c4d3adce003cf641f7a37175681722ad85d4d6859857dce84d5b5e2aef090224
INFO : 2019/06/26 11:15:55 Processed: 213 f7e44807bec2cbc0c97abc02f572316c1a0002a2c2d911436234f7b293b42ed7
INFO : 2019/06/26 11:15:55 Processed: 214 bc5b0e4b920f1e409bd29261a5787e7a667486f1a84a15ea8a7cb466dc1a82c9
INFO : 2019/06/26 11:15:55 Processed: 215 dcde24ec572bf9a06976d3bf545bb01a8635f7ea712a058885aaade7a43c1b42
INFO : 2019/06/26 11:15:55 Processed: 216 2bc4e8fb3255ca555565cf70c8da476136fa3d5d5f645479eddb677575b625e1
INFO : 2019/06/26 11:15:55 Processed: 217 1d3af0991ea45793cb6ef69fa397b396c8abb8b7de6def4a0e6871c46fd97398
INFO : 2019/06/26 11:15:55 Processed: 218 6febc1267fcb99b25fe49c898445c8b04341321c686f257b0f7ec0dad752d4af
INFO : 2019/06/26 11:15:55 Processed: 219 dd75419f4230ff201533ad20a50322f61828670de42fd6a4ac8eb50630ce282f
INFO : 2019/06/26 11:15:55 Processed: 220 431beeb8fd697dc913c8502bae0cf4681627d9c7414312494a3d9ec9fd94052b
INFO : 2019/06/26 11:15:55 Processed: 221 50f701a3515e3a88c99e5aeebe67c5e276faae2fa9fe4ac7137a94da2df32a41
INFO : 2019/06/26 11:15:55 Processed: 222 b54b900d283a3ca6b11afbc06fcf7905a771621899fc14a707fda858dd192fc1
INFO : 2019/06/26 11:15:55 Processed: 223 8ce9551d302ab375203887ca4151df3653913f7a85e17a802f0ac6f6b41f824b
INFO : 2019/06/26 11:15:55 Processed: 224 295ce4585a57b81af79cfd3419925304125f391ac9b40092381e615d8bf2f763
INFO : 2019/06/26 11:15:55 Processed: 225 e3359887b5dbf65baeaa4ee0c0e18ad05f8cd389a20136ab357bb9f7f439f5bb
INFO : 2019/06/26 11:15:55 Processed: 226 61358619e08f7eac1be6c2bf3b3444e6aab2a0aee6131ca766bfcb21f7b7c67f
INFO : 2019/06/26 11:15:55 Processed: 227 96169df8dc90919621a9ecbb400439dae0bd20ba943e402021c2cca5f9155b5d
INFO : 2019/06/26 11:15:55 Processed: 228 48cf6927179caa77131dfaa8ec47c17e5a90882bd53d64deb623cd2a7ab5e2a5
INFO : 2019/06/26 11:15:55 Processed: 229 978059b19d80da0c087983d0f291b9f81829f83f717de6f83f08d05b47df8066
INFO : 2019/06/26 11:15:55 Processed: 230 f83edb8a123abe6634ea42b2a7b7e13e4a41aeaa0f4385528fcdfe8f57e863d4
INFO : 2019/06/26 11:15:55 Processed: 231 31d22ead59b2bd0b92deb533632bdbbb7a7f8086a3652ae69adc85161ea6fa38
INFO : 2019/06/26 11:15:55 Processed: 232 5472486ee9fb4071b542b25826e4946ef255d1eb448523dae0debb577be97ec6
INFO : 2019/06/26 11:15:55 Processed: 233 4eda51a33f583ec25421dfe925897e43b064eaa0be5fe581572dc4e0a1a98091
INFO : 2019/06/26 11:15:55 Processed: 234 1fe1f393d5842ce8ec5d89c1681167368ca0087795d5cd3dd17e2fbee559f546
INFO : 2019/06/26 11:15:55 Processed: 235 fab9a38c87e328157803c32208f51abe7007fb11952520436ab4805ad867be83
INFO : 2019/06/26 11:15:55 Processed: 236 e24e88ccd299cff37ea4a969af176248cc9de1b93d665917c6bf55a052e4b3e3
INFO : 2019/06/26 11:15:55 Processed: 237 a2c263a1bc6ec4592334af7f76dba3c0b9aa49e348b7175f2b9f1d7f0965510d
INFO : 2019/06/26 11:15:55 Processed: 238 ecaae60a90f96c5cbf83143f8ec034af88e14fafe510da0724a50444e84735eb
INFO : 2019/06/26 11:15:55 Processed: 239 588ef1f28ce7ffc8fdbb5ed6b1c330d96c5454ba202a41c1870fc3d30d2b8cc4
INFO : 2019/06/26 11:15:55 Processed: 240 d95625afc48942035fc50c805675a8354d07f4b05fcd790f074f7909213c446a
INFO : 2019/06/26 11:15:55 Processed: 241 43b43f77a46c0ad51d3a2d7c1693bc9edc95557ee9d508039d22981595a741d7
INFO : 2019/06/26 11:15:55 Processed: 242 3adde496a6c8a10d4a889d094be1961c1fb6b535f78287db0817b52d97e36234
INFO : 2019/06/26 11:15:55 Processed: 243 f0aced0388beeb00f93f7a6ab9bf609ebcf492d3e27e1a67d954ec48a1f0d9ae
INFO : 2019/06/26 11:15:55 Processed: 244 a52e00883dd2ab9ebdafb43a7c748a1db88b9b0d5e9c0975f86c547a1d2d7234
INFO : 2019/06/26 11:15:55 Processed: 245 db00ed556d83ff53be9f3b9f6250778bea819a8baa7a0e3db700fcbf9724ff04
INFO : 2019/06/26 11:15:55 Processed: 246 e5d9ddd37a485ff15f83f201a6dd731f7c8ce7c082896ed9ab5960b7075ce8b0
INFO : 2019/06/26 11:15:55 Processed: 247 925f6ded2375639ce6cd51e6da771c56819c5f2ff9f5ca86b67921e8eeaa5eed
INFO : 2019/06/26 11:15:55 Processed: 248 fb16a562fe46a0afeefd5208d66d38dc870cbe0c6f26a09f6e6baf03c0a51554
INFO : 2019/06/26 11:15:55 Processed: 249 5d96562b3aade5034fc579c40472b8a15b4cbdb70f533433c8f1a42e63e5306b
INFO : 2019/06/26 11:15:55 Processed: 250 58694fb705ea09d5976f394d92fd846c2259b4f53753d123a56f4921bde48833
INFO : 2019/06/26 11:15:55 Processed: 251 394da7cb16db33365956187bc03075c0c2ef8f46e93f3c1ccf69d3fb29a10da3
INFO : 2019/06/26 11:15:55 Processed: 252 e9b0d89ecbb9dba27dd4f688b376d6fa87909a3be23202eadd09c892e9d9031f
INFO : 2019/06/26 11:15:55 Processed: 253 ba72f1c7dd87d57772e45e2ad0b94eefc2c65034dd22524d7155e000425b53cc
INFO : 2019/06/26 11:15:55 Processed: 254 9847029d3813a97f8c1ec55ca5f31825ed56ef55e51b394213630af4ce82bd02
INFO : 2019/06/26 11:15:55 Processed: 255 43beaf8dc4c0dd093e57a9cb7ee236a874e21eb373ba7ba3562ef6a3d6f7c25f
INFO : 2019/06/26 11:15:55 Processed: 256 f3ed00bd7cdb4da20c9fee8c5b62031b15955dffda5bad69d18b936d1bafba38
INFO : 2019/06/26 11:15:55 Processed: 257 df1da530bdeeb22539a9653a0caab0dbaf40ae64187517600a5b0509d6aa5ef9
INFO : 2019/06/26 11:15:55 Processed: 258 7513448010b36176c5a648563133f571751df9656757e1ff12efa565e06e32e4
INFO : 2019/06/26 11:15:55 Processed: 259 a7a8b6f60aec48416c0d5d7670fc0404188be210d13fd55f03cfbddbcdba13f6
INFO : 2019/06/26 11:15:55 Processed: 260 a2601eefa69e546f36e674a7627a9ba8c4754e2231d23fbb1cad0709daa3a66a
INFO : 2019/06/26 11:15:55 Processed: 261 db03ff6db104653cbf3c3da0082b10ca74e34a0995b35438b92323203334430e
INFO : 2019/06/26 11:15:55 Processed: 262 dea842e15e3dc4ddc8b9b83fb80ce89a1f9bdb2693ee30eb4c98f7923baf1917
INFO : 2019/06/26 11:15:55 Processed: 263 3ccfa6c01c5875a8f74fe43e719068ff60d39d5ab3fc90909e3fd83959a08025
INFO : 2019/06/26 11:15:55 Processed: 264 0ef310f641b828d0f39bb673634ae50ab0e34d58e7939be16e534fdaf6404127
INFO : 2019/06/26 11:15:55 Processed: 265 ed49536e6569364cc4daebc2ccc82d7eb3d305e22b57602619c427fd24e76383
INFO : 2019/06/26 11:15:55 Processed: 266 ac15909e0768b476f19c275eb41fa34bec9241a3f1b90790449ffa7b33bc41a4
INFO : 2019/06/26 11:15:55 Processed: 267 d112f8e70413bf9356ba94567e9f706f5d55ed1b6e3d30bc0069f59e01e250f3
INFO : 2019/06/26 11:15:55 Processed: 268 6bbb3b2e2548d274a9056afbaa27ad772e94a4f0d11dafddb3471dc4b2481b77
INFO : 2019/06/26 11:15:55 Processed: 269 c3b046bd899713ad74f2f2471bb44716d354f15f54c58062e708eee7e59798ed
INFO : 2019/06/26 11:15:55 Processed: 270 b59c0d4f04fcedf8b6bb6ba3471057a454d7dcab06cc0c5327774ac17b70dc1a
INFO : 2019/06/26 11:15:55 Processed: 271 ca2f52f994c30c57a770d5eabec2b9940bb5c3a96c4e01de93b659d2d569c761
INFO : 2019/06/26 11:15:55 Processed: 272 12079a6bcbb1e7d50b8188bacc45f4d102175505b49d07ad49be55d61a1f1871
INFO : 2019/06/26 11:15:55 Processed: 273 f2a78e6d0d1382d1869d8ef31373a9af0917b910bb353f599ed0a05a61319d9b
INFO : 2019/06/26 11:15:55 Processed: 274 59387110bff693b7972788d3501b70f64168c46dd4889ff7ef520fd3e1fa3925
INFO : 2019/06/26 11:15:55 Processed: 275 b0ccd381123ff721868b46348e25e3552c484d4bdef23e694c4dc506943a9542
INFO : 2019/06/26 11:15:55 Processed: 276 06fae2cc05a9333395b49933d2a63a81dd072d07ff37320f587cc2334db04060
INFO : 2019/06/26 11:15:55 Processed: 277 6eaf7caa7325badf6cfce32ea18845f4b1d556f743d93da2aefa3727256896e1
INFO : 2019/06/26 11:15:55 Processed: 278 636b32112bc426144bc10eb33798f78581464eace788dbd983222ec61a4a31e2
INFO : 2019/06/26 11:15:55 Processed: 279 9b1bdb4368953bc2911bfef2ec4e9b600c35a96dca8c128cd278bb46de97b041
INFO : 2019/06/26 11:15:55 Processed: 280 d3f0bc16b75f0e268f1db6bae88b06cda25421ecfcba1159fee0ab698524d222
INFO : 2019/06/26 11:15:55 Processed: 281 8ef8a028ee0598b85f07aab35c833b2e108b0b26599311974aae82f1c77ada10
INFO : 2019/06/26 11:15:55 Processed: 282 a0c7eeb6d7099bf9daa556a6d55c293dd6cf841c19aa922d0f0e356c9409db5e
INFO : 2019/06/26 11:15:55 Processed: 283 dfea8b7f398b41519031a75be765192b6f9749ff24dc27b02310cb716531091a
INFO : 2019/06/26 11:15:55 Processed: 284 1cef2f09026bc3dd7e16c4a3eb1baa1fbe5772bc93a6b4f242ac8d59263a919a
INFO : 2019/06/26 11:15:55 Processed: 285 195f373342f4f6209a6d7dda3d47d876d132d75518638d38dc1907fce3266564
INFO : 2019/06/26 11:15:55 Processed: 286 bdccbc1dd80e14907a432d4529a8da62318f6094a6e42926d00fe3aa35645d17
INFO : 2019/06/26 11:15:55 Processed: 287 4f78cc1f6ea2a9bd4e606796fee3d7fb9b6d40a466da7aeb644aa42565451f0e
INFO : 2019/06/26 11:15:55 Processed: 288 929436fe331b8a457e2c2422804dfb916cf294a4acfb74a07a023c49cfdb7865
INFO : 2019/06/26 11:15:55 Processed: 289 df32c9c16134a28ddd999242077de2f00407bdeb4592a938e30a7f68a875fa50
INFO : 2019/06/26 11:15:55 Processed: 290 10ba62a8313b1e57b4d65d02d7b099ae3b544bab7abe1585b0d6deae8246dafa
INFO : 2019/06/26 11:15:55 Processed: 291 03645f7d5ed7ff68ff87a1d44a8df172ff9123964d23af6fa576e955d9224adb
INFO : 2019/06/26 11:15:55 Processed: 292 1e784f3e5f7efc761cdfeee27ee0282f483d85cea8017e62790d99d2f04d1509
INFO : 2019/06/26 11:15:55 Processed: 293 db039bd4a668370c9d7351864e8a70f81c8c1635fdc928f5d0e924cf9c80db91
INFO : 2019/06/26 11:15:55 Processed: 294 fa2d2035c08252c7dacd962a885226aab452b47e76bcacd81614ca64a4b37b3d
INFO : 2019/06/26 11:15:55 Processed: 295 40cb06d8815344fb9ee09493b04340153b37842d1b8ac0f7222c7ce7d3dd03bf
INFO : 2019/06/26 11:15:55 Processed: 296 126a426f012eea0363fc5932415dff791d41bb8fd51901632623439f07ab13d2
INFO : 2019/06/26 11:15:55 Processed: 297 0e3fc376f3d9d8f0542e0c67f6ace7324c75a7e70d8bb5fe7295a86680f6598b
INFO : 2019/06/26 11:15:55 Processed: 298 3709472196c6dc4d86e7a2da9774b29d2ef7b33015b015b5da2f856f16a53182
INFO : 2019/06/26 11:15:55 Processed: 299 4bd553e25a7edb68dc68b0c72472addd109d5ff3954e0a5fa3093a76c5e462b4
INFO : 2019/06/26 11:15:55 Processed: 300 875ed1cf38bf3ba46ef26fff45c4cb9b318178fb0e38a5fd150403d4d67d9b9c
INFO : 2019/06/26 11:15:55 Processed: 301 5bc6c3fdcc130a064027302144711fe3ec339e667671b7f0d7e0893b82164f8a
INFO : 2019/06/26 11:15:55 Processed: 302 54289e270eb0fe9159e1af9d7f841944325dd2a55ca7216bf286985d2aec1dc6
INFO : 2019/06/26 11:15:55 Processed: 303 7dd72c65dafc8898503e7944b4bf49f4a49d49a3c49732dba7211a6d343edf31
INFO : 2019/06/26 11:15:55 Processed: 304 6e175cc6051656affbf55c00c2b327dc24ecdb6d480d2dd8bba9de2c1450e4df
INFO : 2019/06/26 11:15:55 Processed: 305 2953a7f18eadf4d74a4044b27376b0df6fca7aaa9a4fe850087cd80f3b24e5da
INFO : 2019/06/26 11:15:55 Processed: 306 76b41422b012865fb4de3800c98536b83742bd02dc2a1a38bbbeb087779b1ae7
INFO : 2019/06/26 11:15:55 Processed: 307 7f7afa630009287ad2695d9db6761a76887a72c8fa5e76285bac62b3c754ccec
INFO : 2019/06/26 11:15:55 Processed: 308 6c3d414a81d69160389072fdc608a385050fd0f4e01ba977d8aa7b075776f57a
INFO : 2019/06/26 11:15:55 Processed: 309 f47dc97577fc2680dcee8f82936a96d8c87fc2ebd0e2e2f981fb120ac05daa48
INFO : 2019/06/26 11:15:55 Processed: 310 62e60e88a46b6467bfb10c44cdd7d12522ad9cb21c2e54422c5cf45b6637c9f4
INFO : 2019/06/26 11:15:55 Processed: 311 286cef68aa0080dce93fcfd19495d30eeceaffacf0fd2e6d519dc7fcdaeb9541
INFO : 2019/06/26 11:15:55 Processed: 312 bb960c4a76393360c0fe66232991693a6ac30b872c1089260e9784e37002993b
INFO : 2019/06/26 11:15:55 Processed: 313 7ec43ab5505d9f657beb1e8cefae21fa69b4e20a7fa16b8b31fa2c9e54c7a4b9
INFO : 2019/06/26 11:15:55 Processed: 314 fb64b89602ed814cb6336bb6d838358492aeba9c77b841ab9ad2c40a551656fb
INFO : 2019/06/26 11:15:55 Processed: 315 bb8b11b5c4a71fff5c70308bd3fcfe910e7c1aff83625314e3713d309db3c5e1
INFO : 2019/06/26 11:15:55 Processed: 316 eb125f878029c22a4bc091a334afb5f871197401330598addbe39cc980d23df2
INFO : 2019/06/26 11:15:55 Processed: 317 c9cf6c0ee5adf3459e87b4495f5f592f76f1941a0de1ce8ba8659a3e211cf084
INFO : 2019/06/26 11:15:55 Processed: 318 c86c36889c705ee53d370320ba10f67c65780c4b8fab2ec04d3988a636572429
INFO : 2019/06/26 11:15:55 Processed: 319 4b5a31aa06a93208aa522a09be19a95e27ce15d60d826846566c39f8fdbfadea
INFO : 2019/06/26 11:15:55 Processed: 320 af75f16bd0ee037fa1be89acff4a59180b4e7c3f36b8fab1ea9b8fa4e8a5c792
INFO : 2019/06/26 11:15:55 Processed: 321 0cce31fd0e65798415abf09725013b5b06f9d65ab5f8e7d1d541ced61edbc6f1
INFO : 2019/06/26 11:15:55 Processed: 322 e74cec0a4724ae7b784129901c6a9d804c67a75c1cf656b4a80aede7972add4a
INFO : 2019/06/26 11:15:55 Processed: 323 f19454bb38c4ecb57672e05986561231d147523d8ec39c5a76d373ea37e92d82
INFO : 2019/06/26 11:15:55 Processed: 324 82e05232f84a8a981acceea6bcd9d04f5c203241983faf91d91ad17413a11ff8
INFO : 2019/06/26 11:15:55 Processed: 325 a63032eff6d4240e9d6e2d2393fe4feeea03d0c9f27295bdca813b60972e8877
INFO : 2019/06/26 11:15:55 Processed: 326 a234bd870400aa68a1df3c9d80ebbffc464718b0023f64a83c6d8e22b19f254b
INFO : 2019/06/26 11:15:55 Processed: 327 956c92db7cb5be5a9bab25394fd8ec8498b483b4ffbc09b243dda88420aceec0
INFO : 2019/06/26 11:15:55 Processed: 328 9f7d8c0da4a3c7916c4ce751a1c29f6323a2db5ee41fabe95bf17e68bf620393
INFO : 2019/06/26 11:15:55 Processed: 329 9efe68f1546f3543f272b6266e53db691bd1e84e813dfec47ed1f88cd12ec260
INFO : 2019/06/26 11:15:55 Processed: 330 4ca6862bbae7f491c6ea30ad8e5e338f9aea0b7d4450b3a4f91faee7199c6f00
INFO : 2019/06/26 11:15:55 Processed: 331 cbb17cb9413f0dc265cc84bbae6094e22f9fe3fd41e78ac20d76966d45b3c7c2
INFO : 2019/06/26 11:15:55 Processed: 332 9f7dbd10474897e2b42b46cd5ccde53c2515fb89c11ba00fa23ee06e2c8e8f5f
INFO : 2019/06/26 11:15:55 Processed: 333 641481b5b2678ebfbcb4c102bd97e1339b0eee3941317dc07993052ee03f6816
INFO : 2019/06/26 11:15:55 Processed: 334 8207ab7b1a67427f2762589b5034f9d743530ea7dc1f191a86ca4e77cdda97e4
INFO : 2019/06/26 11:15:55 Processed: 335 5d71ca99f804c5d7df2f251af17f637ad5c045dfdb7c850982dc97f6c07655d2
INFO : 2019/06/26 11:15:55 Processed: 336 47a886afc9c6898731f9d74f8652f8f3601e640db8e76d20bd7d6ac7dd15c79e
INFO : 2019/06/26 11:15:55 Processed: 337 fd198d8ba081041babf09f11998ba2f39b1b03902f90d3b0220f14c53b4ee5f5
INFO : 2019/06/26 11:15:55 Processed: 338 3c594a958fac6d5096eb3d2f2f6f683ef6876b65e2a6b687de29e743e740e268
INFO : 2019/06/26 11:15:55 Processed: 339 dbb5a0b31bb14225473fe54b784ed5f3d15baa9072caf5162ef283134315f0a1
INFO : 2019/06/26 11:15:55 Processed: 340 bcb41f43dd01456868b5a024d19514f89552ebfcd5f4354415c9980af710470b
INFO : 2019/06/26 11:15:55 Processed: 341 47f40d7e1baf2939b207f133cffa1305da1af1b60dac260cabb409d43db8814c
INFO : 2019/06/26 11:15:55 Processed: 342 416ef2700fa18dec2b37b7db188dc38ed33cba35546f81968c20cd156a771441
INFO : 2019/06/26 11:15:55 Processed: 343 270591b23c6ff66b6856fe83b538d18d02aee9802f28dbf894d28794b0136508
INFO : 2019/06/26 11:15:55 Processed: 344 33d0181bf7224e08c21bed22c54ec83801f0a046eea16256febe04682f9da824
INFO : 2019/06/26 11:15:55 Processed: 345 ac0684a948334384e6da027b42c0860bf36dab6df5ca212ae4c5719414cb1855
INFO : 2019/06/26 11:15:55 Processed: 346 321a47be116d7470118049f239883b94c08008dad95ae9f11d96de8d5dc659f7
INFO : 2019/06/26 11:15:55 Processed: 347 de26428a66ff3758e7dbc88eef434fbae7c133370703923f24b7f87bad235dc2
INFO : 2019/06/26 11:15:55 Processed: 348 20f0cc545945838e3a0ed41e374f03e54323d7683702663125ece48b6c87d9f9
INFO : 2019/06/26 11:15:55 Processed: 349 4281f37468c4a0555f1d65b0bbe9a02e871219b54444fc2726f6b56c034fe12d
INFO : 2019/06/26 11:15:55 Processed: 350 f5a475a8f5b40e91754a9954f3a21e57dac719cdb7b8369a635574b0b1cc05ba
INFO : 2019/06/26 11:15:55 Processed: 351 d68c45c0c9221d8f6b10e9d77b6feb9087677ecc5b53b5beeb4da30819b56cd5
INFO : 2019/06/26 11:15:55 Processed: 352 dbeacc4a986a5a1c67dd779c5d5e86893034362872d893f138b51adc6d16e33c
INFO : 2019/06/26 11:15:55 Processed: 353 677332a327c94338987dad45bd7af6c18d6aee536bebd4240459b97efcaa3ca5
INFO : 2019/06/26 11:15:55 Processed: 354 b4bc477e0373020755642b8d289f64deaddf9fb22eaf48ee7fd21d24e31134e4
INFO : 2019/06/26 11:15:55 Processed: 355 09d21a5636cc6e9db292dac7c94cd369ef874832110a45102ebac21d159eaaf2
INFO : 2019/06/26 11:15:55 Processed: 356 cf18ec526af76ad4a69e14a692d42add990034013f08f05e4cafe9b5beffc6ce
INFO : 2019/06/26 11:15:55 Processed: 357 234e902add2c75775892b50535b7221528fdc4f98a1cd1c7e2204057c7d5e196
INFO : 2019/06/26 11:15:55 Processed: 358 454fa291058d8d696fd914295576fe52595be236dd72172f6217f587e6d4b858
INFO : 2019/06/26 11:15:55 Processed: 359 5f89ff8ebc58cdf06bed1d05393b5db913f528a0c747c011ae9568a7cad046c3
INFO : 2019/06/26 11:15:55 Processed: 360 f8812fcdc91d5e2692c17cf2913bec3dc9801169f90ebcc13141cbf252df4c2d
INFO : 2019/06/26 11:15:55 Processed: 361 2d5904b5fb2ca4e6226b243dd84cb86b348b4945337b147af61eb137e315f7c4
INFO : 2019/06/26 11:15:55 Processed: 362 942c7a82d478f6ad0b314c4b831b5b3f9d3fdb902db70578c22cc58d7a301761
INFO : 2019/06/26 11:15:55 Processed: 363 5704f381570216fee603c9676f6b7731dc5f2b370283774cfedf2f9ad913de77
INFO : 2019/06/26 11:15:55 Processed: 364 3f955e874fab543ec1b1e3d3c167efb41049749951cae120ffb0ce257fde85b8
INFO : 2019/06/26 11:15:55 Processed: 365 b9ba32b7e43f4c3667ea5afd092fb19b6f0da496d6a7d6df3de55e064b9423af
INFO : 2019/06/26 11:15:55 Processed: 366 4bbc4d070a7a15fdeba2ebd35dd46a65d6259088d9e18e57be6ec8876ff56dc5
INFO : 2019/06/26 11:15:55 Processed: 367 cbbefc30af5d7d6c5699a6e6176e1d0c88b196ab5fe480712f1a8f4c9d2790a2
INFO : 2019/06/26 11:15:55 Processed: 368 26be5ed143b7053c2d039bc534c88807aa9475ff41e040aa7fafbd49af355e90
INFO : 2019/06/26 11:15:55 Processed: 369 c0884aa151947f8e25a3ab8c664fa7c250be8925cf086306592b65c694e940fe
INFO : 2019/06/26 11:15:55 Processed: 370 ee9cb4b3f3f2bc89117fe3856c81df4b63066d1b1eef7d8dd6be15e6e170216b
INFO : 2019/06/26 11:15:55 Processed: 371 bbad354b69a6ec0ee15d3d727ff06babdc45c812787b5071975c4d00092e4ae6
INFO : 2019/06/26 11:15:55 Processed: 372 5e1a19ffe32a28aa0ef923dd7d98294adeaaac0c22672f9766be77cbb1ca1366
INFO : 2019/06/26 11:15:55 Processed: 373 662de9760b002eac31923b531aa49f3840a6049c39b508d60d55ff1f12bfb0c9
INFO : 2019/06/26 11:15:55 Processed: 374 25ae028313e68cd77c044a47d77f6b37959b83c00d9d4b55aaaa7de5cb9fd279
INFO : 2019/06/26 11:15:55 Processed: 375 11c0ee81d486f4807b90eec01012e5d79d983159f4a66b4a492d6ca3ab008e8b
INFO : 2019/06/26 11:15:55 Processed: 376 db5405e2110e20600a61dd9749b133dc17104f6639f6cdea56519372ed080034
INFO : 2019/06/26 11:15:55 Processed: 377 4ff5c174a3537c4f7fb3d8fee399e294f9c02911276e9e0ad792f2d10e231e2a
INFO : 2019/06/26 11:15:55 Processed: 378 80af06251ac7d74000f3700674de355319071e083b8b508773136ca7d972f326
INFO : 2019/06/26 11:15:55 Processed: 379 fce8cc22f59bb53fac93fdea2164a7bf63254de6ce9c2f34b8d84343ab19a538
INFO : 2019/06/26 11:15:55 Processed: 380 a5bde18cd21ce5966f5885a332a407b26f38d098aec86ee33d853e1d24420e17
INFO : 2019/06/26 11:15:55 Processed: 381 dc25335e8bdf473436218889f7827638d1053d62d4e2311017a8c0bf1a064912
INFO : 2019/06/26 11:15:55 Processed: 382 8ab9faf48e59154d81a777e282537003f39c6ac38b6b3780f2bbc3e511c0eeab
INFO : 2019/06/26 11:15:55 Processed: 383 a15a6cb2030749560624b44225fbb5bf0a00db85c273319fe84846db5880bafc
INFO : 2019/06/26 11:15:55 Processed: 384 77f280f5270b4d9cc38602c76395f48ce59fed943e298b9c3a21c0594fa10e79
INFO : 2019/06/26 11:15:55 Processed: 385 4dfeb52e20df2a5a2a817fbb8db4cdb9f30fd4470791d257c9d212c423b7700b
INFO : 2019/06/26 11:15:55 Processed: 386 4441c7ce02d5a8888eb0b56835bf65627fb14dfcfafaa05bd126dd15acb8e3c2
INFO : 2019/06/26 11:15:55 Processed: 387 9f244e3e26971700be19f81f4a6170197c5db0a5fb9f9d5942b8694aef91cbbb
INFO : 2019/06/26 11:15:55 Processed: 388 3ef4d107808fd091c005cd31e925a58cb8ee63e6106fae4ee87fd9f1f5e08047
INFO : 2019/06/26 11:15:55 Processed: 389 a7f449ff9a1291f26324f19e1d0ad3a00c7e89afbdae9aaff6c7b86e7181491b
INFO : 2019/06/26 11:15:55 Processed: 390 41333f83ec86919e55b04df52a5593de1432fc674da7afac2537f06943d12cc1
INFO : 2019/06/26 11:15:55 Processed: 391 8135b5dc8e68b14fb4f570b1050afb18c3dbd2f80636f0045382641c77038135
INFO : 2019/06/26 11:15:55 Processed: 392 ccd2b524bff4b6eb7bd264e28295ee72567811ce4136ad406333a7453e7c6e51
INFO : 2019/06/26 11:15:55 Processed: 393 bb1dc89e389cf54e379e15591e15248b7bc3a1c1639af5bc814a68b989158fde
INFO : 2019/06/26 11:15:55 Processed: 394 254d00da0071ec9a22d12ca5adb3c77c231a070f0b442eb28a23376ae710cf0d
INFO : 2019/06/26 11:15:55 Processed: 395 f5afefd6db68cd5dc27124401a70853721ca01874367a4d8fb6525fc77f8f097
INFO : 2019/06/26 11:15:55 Processed: 396 6d9a8392d779befbe29eb6bcab43072a034312e25c82e0932b71404964fe96c4
INFO : 2019/06/26 11:15:55 Processed: 397 8ea4454fee628f15027a855848e5e300927da93903519677ee6ef03adcffa6af
INFO : 2019/06/26 11:15:55 Processed: 398 69d3c1dc245787cb9cb5cf843fa8c3717f989b1462c53989ef3dc1c1f09604c4
INFO : 2019/06/26 11:15:55 Processed: 399 bdb72c8f52ec36348b127f2176eccbc8fdd958084c5cf0873b3ff2cfa2fd2c7a
INFO : 2019/06/26 11:15:55 Processed: 400 c025094a69ed189bf4b0faa052db5b96e200abc1107f892273e2006156ed1411
INFO : 2019/06/26 11:15:55 Processed: 401 e48a4165665cc34191e9af5c35163f15d33adad1e211e9f46a6e4277fe8c70e7
INFO : 2019/06/26 11:15:55 Processed: 402 0e6e9aa9420fd734489f2b254dcd4e44811ca4a5aefc691a1474328f9ab1a95a
INFO : 2019/06/26 11:15:55 Processed: 403 7ee9c5f9efd28ebfe9b5cde6beac1f5b36b628c24169f82fea53c924c3e559cc
INFO : 2019/06/26 11:15:55 Processed: 404 56f84646dabd9ed2cc023bd349e2e2208d58c27c6ecee9a2a44493411c86263b
INFO : 2019/06/26 11:15:55 Processed: 405 29a7c78857c3fb7d78670b3d195891297b2fe0a58db37f15dbabb2059f6ad8d2
INFO : 2019/06/26 11:15:55 Processed: 406 6505535a1cea762bc3db56d95e64ef2e26fa4e571d2e36696034c6eda3341065
INFO : 2019/06/26 11:15:55 Processed: 407 9bb894a70d0a545225ab634d45f111c4f2ad83ccfba357a15f6eddaafa89d50f
INFO : 2019/06/26 11:15:55 Processed: 408 24f1fd070206f5e8a67d5b067eed54c6f5727f4bbaa6c75930f82c0fec3039cd
INFO : 2019/06/26 11:15:55 Processed: 409 4c5894452a0951144a388f1f3bbe6e18f8ed099323c762cdc3a6f4c1cc852b05
INFO : 2019/06/26 11:15:55 Processed: 410 41104a83afd6395da45bb1655d6ce98e8c726c154fb7004b94f629b496126544
INFO : 2019/06/26 11:15:55 Processed: 411 c1898201e4b9ae671ae7241cd44ae86a6567aacd9a8f564ed1a0029a5ed1f0d6
INFO : 2019/06/26 11:15:55 Processed: 412 0eb2619fb60a2a66fc3a64ec67bcdf86203b2c2af481ba6c3fe65755a7440a23
INFO : 2019/06/26 11:15:55 Processed: 413 f4481e9ce4b9fe07abf5be5a14505d32bd8bb4896b6df47936e13413ff21b6c0
INFO : 2019/06/26 11:15:55 Processed: 414 05da97c1fd7b4ee4d85aa0f44dba0b45ddfc7b7c8c2232479045fa07dc517845
INFO : 2019/06/26 11:15:55 Processed: 415 75b31377430731e5eb0a63989cf3512ae2e0422af3b4983a3f6e46a8d85f2692
INFO : 2019/06/26 11:15:55 Processed: 416 48fac13b1a45d8d279dfec573a192b78e9eb5540f997317031f4c91034dce60e
INFO : 2019/06/26 11:15:55 Processed: 417 898a2efef39ede84d2f748217978a2fa245ac63aa27e8825a75840c8f7c37155
INFO : 2019/06/26 11:15:55 Processed: 418 91f8497d7d5cf52355ff6e5dc475d31875721bf02109e01728cd2110de6080b4
INFO : 2019/06/26 11:15:55 Processed: 419 d504559ef9b53081067bf779101ae41e3ff333e1457d1a9235a0ffdbca817331
INFO : 2019/06/26 11:15:55 Processed: 420 a06aeeb5cd16ef481bbd15265048bc05e8187aed52f158401b47e2b6dd8910b8
INFO : 2019/06/26 11:15:55 Processed: 421 1677014523ea7a46aece89d69173149028b7fb427c029c488c040b042e67f23e
INFO : 2019/06/26 11:15:55 Processed: 422 8975af63ac11a8babfd9347e34f9c89499d40708a6ac72bc46eef428a7581877
INFO : 2019/06/26 11:15:55 Processed: 423 e5328dd87ad558db215ea029007a1f9bc795ceac950c47e27206c94933971ed3
INFO : 2019/06/26 11:15:55 Processed: 424 7576b9ff4ee7fa42d57c0cbaa8efe9f3f6a04e2f3ffa771a2a0511f1ca77854a
INFO : 2019/06/26 11:15:55 Processed: 425 48370ab8100f3bb25e29a417c8265b20f5a7fc5199dc5c1a555898bda6010625
INFO : 2019/06/26 11:15:55 Processed: 426 e20f01bb4cb49287b2bb6a15734c97351ebead956c7eb699ebbedf6acf99a7c2
INFO : 2019/06/26 11:15:55 Processed: 427 430d90ad9daa81efd48e8d40d9d2f5adcab8ff7ded8cade730f8f4d181a95a9e
INFO : 2019/06/26 11:15:55 Processed: 428 685906843b910ce5745b6a63bfcb3975314bf5fc3c9039b8843d559789ba2852
INFO : 2019/06/26 11:15:55 Processed: 429 0b1b923374ebe109961e14e257f98cfa685e09f067018fbe8dc507bcfbb72532
INFO : 2019/06/26 11:15:55 Processed: 430 e80139fdafab37d0f980fd8727cc50c8598b341179ac167113c527034731c783
INFO : 2019/06/26 11:15:55 Processed: 431 62a835ffe9d3c3d05bf0b289ffdee1831d27481619d36a4616d633367bd4347c
INFO : 2019/06/26 11:15:55 Processed: 432 d7f01919ad93b6cc7676c120eb3e98303fdc16e43e61aa96a42730d6cd736ee7
INFO : 2019/06/26 11:15:55 Processed: 433 60cf0227b540e214290e304fb6745fcf642b3a73aa4edee453ee7b16fcf035f2
INFO : 2019/06/26 11:15:55 Processed: 434 da3137e62a8bfe94657940565d48e632250e88dd2651aef9c1517705d306c450
INFO : 2019/06/26 11:15:55 Processed: 435 9b1841b86ca4c2e89467b3ff70ae647a358accda90d2e06c3ff103e0ae50b4da
INFO : 2019/06/26 11:15:55 Processed: 436 9fa4143b411437e1632f433ec324cae23b715e3e56db1a99c81d4a5e90c35300
INFO : 2019/06/26 11:15:55 Processed: 437 346a1b2a2d94f1588030f425856bea9b104b3eea8db19348fdf3863284ad26f7
INFO : 2019/06/26 11:15:55 Processed: 438 1f5343be9ba7cd9c0b79d14f9f612f91a3d6167840d25826404d83167be222a4
INFO : 2019/06/26 11:15:55 Processed: 439 15f7c7503b8d5ba474d8a75973a84ecf4ae4914db62fa5d8137b545410ae0b87
INFO : 2019/06/26 11:15:55 Processed: 440 1cadec62aaa8b0b1e3539c25548e4475ab12e66604b4c97be96c8bc3e98149da
INFO : 2019/06/26 11:15:55 Processed: 441 704dceb737dc7850668a0e49ed8e323128f7996377d805c661e1fd7254c6998d
INFO : 2019/06/26 11:15:55 Processed: 442 3a5c0aebce1a87bada7e5bcaccc668a406a7fa49069a463648c536310800a4f8
INFO : 2019/06/26 11:15:55 Processed: 443 38a3d9008e45cacd7c49274c1d5e5d1eb74832b00eee2b3be95fbc61ddbed1e3
INFO : 2019/06/26 11:15:55 Processed: 444 d69ff8684f9075cf925657a41ae0b380e2bb26f1d9a4b4267bbd2acdd4b4746e
INFO : 2019/06/26 11:15:55 Processed: 445 2a776805dfb2c2f1519832427076a6bf7e009bd3455566b2222a980ddb64473f
INFO : 2019/06/26 11:15:55 Processed: 446 8ac214da96e8a32cd088cba720c6dea6a172241ca7ace40c0a52bf8452039c4e
INFO : 2019/06/26 11:15:55 Processed: 447 4f756e30f0e1c7bdda261d64dae7b5ebfd2337db7d25ae3587e235a281c3c92c
INFO : 2019/06/26 11:15:55 Processed: 448 af467b7ec1507aaa89efe7b77282e13d9b31d468702c8f4fd57bc087e59abbc6
INFO : 2019/06/26 11:15:55 Processed: 449 c012a2de433a44cb74967db613de1441f72431a5df317bd3952b3a5e0abd0d71
INFO : 2019/06/26 11:15:55 Processed: 450 947395d037697ee8fbe9f22fc909a864ed900defc55521c2c12472de62356236
INFO : 2019/06/26 11:15:55 Processed: 451 b0fd5f7cdd013915a53235c9a84d69449154c270e0e254d65e52411a30ea7590
INFO : 2019/06/26 11:15:55 Processed: 452 f2600bfdd84ac1417cd408ef4fcd5769d67e2d326f364878e30b90da65b5af07
INFO : 2019/06/26 11:15:55 Processed: 453 38e690bdef277c85a57a08b46edb5a361f5fc1d252a08bebbb61aa89029fd672
INFO : 2019/06/26 11:15:55 Processed: 454 e8263e0e74ae5eb299813aad68149546b13cfa97eb55559e7e15cbdf41ad63b9
INFO : 2019/06/26 11:15:55 Processed: 455 b6b1ba2f8e48faf9634b12b5ea458d15d15b1e5c509a7a781ba727dc384320a0
INFO : 2019/06/26 11:15:55 Processed: 456 bb2d0647ae07d8628b59fb96dcae863013537ae7a36725002f93d30356aaf189
INFO : 2019/06/26 11:15:55 Processed: 457 69e461ff15c228b75c075aca8245dc0da3da5726bb02b507b5b147cce88680a7
INFO : 2019/06/26 11:15:55 Processed: 458 5af9bd35e8aa43e36013dac17756d323f28770b565dc09e1e47fe38e986d4302
INFO : 2019/06/26 11:15:55 Processed: 459 24b682c2b683b4c6dd512c6f806cc4ca42551a61bbe900212c8a9d9dd52e25f8
INFO : 2019/06/26 11:15:55 Processed: 460 9ec4303f272d81096e24f67861f22eeda294323e5867d366277c5a25aa3d5bdf
INFO : 2019/06/26 11:15:55 Processed: 461 e80117dc70993f12938d68184bb50c94819b9cce358a6d3234fcc0d9d9ffbefe
INFO : 2019/06/26 11:15:55 Processed: 462 9609d9f0dbb4b0bb30bb051d1ac39ce26ab1e2dd2e3e33f993cac34e0595f0eb
INFO : 2019/06/26 11:15:55 Processed: 463 08f7603e1ec376056cc60ce31ed74827d57ef40d9d39328f1cdcb09d2e3328fe
INFO : 2019/06/26 11:15:55 Processed: 464 a5b5199e1f070ef40926ac269812315772536ad35d81cb036a6a9b91859c2f92
INFO : 2019/06/26 11:15:55 Processed: 465 373f3ce7bf59413eae3eaee38a89e5666badec23a764f8fd1ca4a927e77c9e05
INFO : 2019/06/26 11:15:55 Processed: 466 9881867d1a9cb10afe9572dabee37ca5164b86f43e0670cd95d6d41ed2534345
INFO : 2019/06/26 11:15:55 Processed: 467 d9ed2a92e178eea8b1706d4fa89a73ead8bb1776100a366289fb7f91b1939f12
INFO : 2019/06/26 11:15:55 Processed: 468 34f368d8c9fb721acfa0a489813f21ec53fa65c776342617c9e5531088347c61
INFO : 2019/06/26 11:15:55 Processed: 469 63cdc4be86a09fdf58c2e226fd24c1dd48cd36cba9a45ffe8220f61d4dc40817
INFO : 2019/06/26 11:15:55 Processed: 470 b5c469058188890867b8997fb072eb98ad13a516d16a0977a72e2bcd3738eb9d
INFO : 2019/06/26 11:15:55 Processed: 471 915117c9ddced8f35c9636ec117da716772717dc8fcd53b9e64976eb4d872233
INFO : 2019/06/26 11:15:55 Processed: 472 01e5d1e117a1f13e9b01742a692775a5af21ffc5d62af54c19c9a049d05d42fe
INFO : 2019/06/26 11:15:55 Processed: 473 f5e8ff9eb968dc7bd47cabeabe6fbcdd136ace1f7e1d8e08eeddfa196b4f32e2
INFO : 2019/06/26 11:15:55 Processed: 474 646dedcb0a9c6cb90a3cb391ac428814124ab9bdd412a6cb1a99381880ccf496
INFO : 2019/06/26 11:15:55 Processed: 475 b11624cdf65813f39e6eb10ed40bfde7bab0f65dd6d9db2e0ac5adcae909566f
INFO : 2019/06/26 11:15:55 Processed: 476 816145fdac7676a73f3ac6c21a0b6487c70619c47eb33edebd7fa0937ae82445
INFO : 2019/06/26 11:15:55 Processed: 477 b8423f967f7476bf6dfc4abcf7b862021bc254704a27efadfdb28016374c90bd
INFO : 2019/06/26 11:15:55 Processed: 478 5f8b54ffe5541b235c99e17e3017955bd4488f024f23bd3f25915e9fb803f445
INFO : 2019/06/26 11:15:55 Processed: 479 07f6e4a6bd49ff1f5df454b1444ac99ab6a51540f9f08453cbf227bd2e7aeb45
INFO : 2019/06/26 11:15:55 Processed: 480 e2ca8faf8e1cb40e24741675643013fb2b69d088a0cabce7887102359e7be834
INFO : 2019/06/26 11:15:55 Processed: 481 1737f8b2f9a44bf996c47db96f22287c8a8433f6f36dfea880564204529b599a
INFO : 2019/06/26 11:15:55 Processed: 482 d61a27a2fc17f705974f3b793aee0812c4a39de40b9a2460552e89a546837894
INFO : 2019/06/26 11:15:55 Processed: 483 f3505c282865ad8e1d03c8ab974433c653835080e3d85bcf35ce5d5fd5bcccce
INFO : 2019/06/26 11:15:55 Processed: 484 e392456941473b70e03fd28eb64596c77a6b4d48d2b567a4a296a2657debe701
INFO : 2019/06/26 11:15:55 Processed: 485 30331b67e7f0d66a99d07811aee574095704ff13b3e76a426b245232d4aff529
INFO : 2019/06/26 11:15:55 Processed: 486 029632d5502d1cee23424bd606726782cb5c84259425ec520e5b9f68fa7e6419
INFO : 2019/06/26 11:15:55 Processed: 487 d056d7c9d76aad01449d121da3c0ff1e2e53c70aaa56a87dca0af90bf106c6f2
INFO : 2019/06/26 11:15:55 Processed: 488 52d4d8080dfed42f06fe7357231b7f09a8afbd6bd8508c951500236bd21a85d1
INFO : 2019/06/26 11:15:55 Processed: 489 689aadef212255b7c17353cfb51ac2d7303a6d687c59d7ee1aa89299300258b2
INFO : 2019/06/26 11:15:55 Processed: 490 edc1773b68faaf99ea7beb740166527c7e7251351dbeb8cd7895e9cf5effb846
INFO : 2019/06/26 11:15:55 Processed: 491 33ad8929c99a90a4db9fff083dac3b30138d653e640c84f4a8aa87b3cd7ef6e4
INFO : 2019/06/26 11:15:55 Processed: 492 aa9a121aaf204bc344ad56f808db028a3b43bac93aad4fb6f3fbd3742d9800d6
INFO : 2019/06/26 11:15:55 Processed: 493 c55f1492687f79ee320a46c8b2ad89e24edde627c6d0b091d34bc91989c6b329
INFO : 2019/06/26 11:15:55 Processed: 494 f230bb16e99cb4ffcc22b42410636d85ec82431cae0ae25bfab3e0ff527ef782
INFO : 2019/06/26 11:15:55 Processed: 495 502aabc679d8a3db49ba76d3b843ca842d3e7c95a2b663271e45682d3b4f7dbc
INFO : 2019/06/26 11:15:55 Processed: 496 61f4eaff54313c867ea97d6fbb90059a0f798b9ef3089fb0da2ce634dc194dfc
INFO : 2019/06/26 11:15:55 Processed: 497 d23d9f9c476d53970cd00ceb1ca34f0d7a1757110fe2af9769ca7c3dc1a8e432
INFO : 2019/06/26 11:15:55 Processed: 498 b071b0bce2d58690990c0c6d66b022886e074963bb10451d822b9b649d858b19
INFO : 2019/06/26 11:15:55 Processed: 499 489bf6d02867b216f3ad5e70592d6055f0b1f09282d8f945861fd60fb869668c
INFO : 2019/06/26 11:15:55 Processed: 500 16a89aa2aff112b02c3d24787cc27e8383a4acedc53a2c442531abb74eb6c4a2
INFO : 2019/06/26 11:15:55 Processed: 501 f6195a2adc28f4daea5ae69f97b8604ec6267f8a605db579786e25ec67a6fbc4
INFO : 2019/06/26 11:15:55 Processed: 502 fdbb3c6f5b24ad5bfb4c41efde5558c0642d39253bdceaa9c8cf0eb0a1ca4609
INFO : 2019/06/26 11:15:55 Processed: 503 a12f88ec8ced44b3d9fd04dd50e689fd9b763614d797c0dddfe06e43ef77fe49
INFO : 2019/06/26 11:15:55 Processed: 504 b8fe70cc072c5434f671400d36173ad8f2617edfbd5b619f335966235c9f41b3
INFO : 2019/06/26 11:15:55 Processed: 505 483230dfdcdd50bbc7f98e0208935cc7aa9a40c53ca3c25c116acbf51a1fa354
INFO : 2019/06/26 11:15:55 Processed: 506 4b7fea9556139b3a6c7ea8c425ebc02b3400aa3ac836f7d439f96c4af97a29ef
INFO : 2019/06/26 11:15:55 Processed: 507 58dbd372aedd4878ca68dd0a154a147f6106f55e7db4b7afdba895c338493b21
INFO : 2019/06/26 11:15:55 Processed: 508 19236ea3542e9c222cbb7c6823bf41f09b2e88733f83e721fd71dd805fd26ca0
INFO : 2019/06/26 11:15:55 Processed: 509 be8100caaed8258f1c8690c7876c90f26b589a9f3c813a95c5396ea3ff2d3d0a
INFO : 2019/06/26 11:15:55 Processed: 510 3e81e9af1ea814bbaf0e3ccb408000370fae2da8280179501930fb11921c9039
INFO : 2019/06/26 11:15:55 Processed: 511 175a0fd4773bc6531358549abc51ee37f1e26cb760fb3bb5e1ed820fb8e62440
INFO : 2019/06/26 11:15:55 Processed: 512 5a61d3c4832e2be9c3516327f3c5ce0e36c821f4be867654517bed857b7bb807
INFO : 2019/06/26 11:15:55 Processed: 513 4ae6bc28bf2f4114ccb736f464b0ab689c338961579fe9c3d0662646d7d191a6
INFO : 2019/06/26 11:15:55 Processed: 514 f6179ab2d09584f8432823fb27465326a2dd7ebd79aff3f6b3946bd0f613ae5d
INFO : 2019/06/26 11:15:55 Processed: 515 f26d3b9e80795fc052ce13cd5e72efbee4531017f9758882ab2e388d8026bf44
INFO : 2019/06/26 11:15:55 Processed: 516 b63989d977c4a4ccdc9f70bcb2bbd22df0ef12489f530473329f26bdab7256e2
INFO : 2019/06/26 11:15:55 Processed: 517 7016129db520e1ac3f1bd7ba650f95f5ed04831d7e37815654737621a227dd61
INFO : 2019/06/26 11:15:55 Processed: 518 eea10f4d6502261bb490cbdcece408836fbfc4d2a17d86415266e511f830f220
INFO : 2019/06/26 11:15:55 Processed: 519 ef21528d783cb4ae59a52f062fb90dbc4219ab77bb7b1fc7b371e409cf1e0375
INFO : 2019/06/26 11:15:55 Processed: 520 76502430877447de63f42b232838532bd42b55b96bb9c5b175742a96ca832c10
INFO : 2019/06/26 11:15:55 Processed: 521 a624f6199eff38dac963d80e8a95b74bf6c55caee41367a5f97d64e0a5ceb054
INFO : 2019/06/26 11:15:55 Processed: 522 07cc0bf79cb05a067a250c20baee4979c3b54dc1108dbb8b72ce9e281d91bbca
INFO : 2019/06/26 11:15:55 Processed: 523 8ae8883fcb1a1c278f515c3e54b77a67026fe2c129dfaabf1859cfd0de822ecb
INFO : 2019/06/26 11:15:55 Processed: 524 801b40c4fcb2cbeb4c3d445a43b39d69d23c2e117c5bc4e486c94eb2998d55e5
INFO : 2019/06/26 11:15:55 Processed: 525 75f86bdf75d17e6db2dad1aaddd35449cc7f0d4b228ec44a521cd11f5801ba3d
INFO : 2019/06/26 11:15:55 Processed: 526 af76a5807eadc2d058fbbb820d8355c0e25562bff51b73ef42a7d7994f398b3a
INFO : 2019/06/26 11:15:55 Processed: 527 47c8773a5bfb6bf722abf39780a78fa08fcd2fe2809a68792cd6483aacae398f
INFO : 2019/06/26 11:15:55 Processed: 528 0f70d50dd3495456ae202a5cd53f5e52ac52ce8487613dd801f8235c4b76dab0
INFO : 2019/06/26 11:15:55 Processed: 529 c022bf15ad8c4fbd72a8e739cd4feaf1b071d5d2d493a47610a57ec3c643d993
INFO : 2019/06/26 11:15:55 Processed: 530 1f568b4f169004c99a95a79a6d0b6ea41eec40123c33a572e1bfc64f3e79507b
INFO : 2019/06/26 11:15:55 Processed: 531 f001f846d7c79507ffc085cfe473769f9f1f114969320b4bde2952efcdb61255
INFO : 2019/06/26 11:15:55 Processed: 532 de39738aaa2f7e96327642d2c7ed89f435637274a548996648cacb1847f9021c
INFO : 2019/06/26 11:15:55 Processed: 533 bb232ef916327c4e4e406f7f9b9624643d21947daf1a8eade7c4f9f19c2ea6d7
INFO : 2019/06/26 11:15:55 Processed: 534 3089967275c5ceadf1b81e8e16d4be3e60335a552cdcb88f2b60f95e7eb455d5
INFO : 2019/06/26 11:15:55 Processed: 535 ac5da5be45a7c5db2be4a08ae305974acdc4b22b5173a908398c4bc0a0142e26
INFO : 2019/06/26 11:15:55 Processed: 536 177cefb11445620d86ca7cb6601ca7a0c314320cc709d3ceca9568757a480dcf
INFO : 2019/06/26 11:15:55 Processed: 537 69b3474600703c8c3d65652c4b322936a5a443bc53e9ccdd28449cc5f97f6f4c
INFO : 2019/06/26 11:15:55 Processed: 538 7fc50ae410f06abd9c84f82e117c7446ef54204d5e838226cd9ea6945c02262e
INFO : 2019/06/26 11:15:55 Processed: 539 0f94944ceceb4256945ffd010093b3f42155afb8efb4830ebeea171c8ec6474b
INFO : 2019/06/26 11:15:55 Processed: 540 63b9ef730e11b4630e56eb3d3a809f601bfb3dede66cb2bced1ba52eea0205d8
INFO : 2019/06/26 11:15:55 Processed: 541 3cf08bebde0e8e87899d8a28fc4e640cbe5b1ac8b04a9491797194b35473e925
INFO : 2019/06/26 11:15:55 Processed: 542 59bd4fad1fed2188ab88630c5728643c8a185cf83a1b0a1107d3490bcf048ad4
INFO : 2019/06/26 11:15:55 Processed: 543 1174216485ab8ead0ff77f29bba639d77d557c069ff8b645bebe7f928910c867
INFO : 2019/06/26 11:15:55 Processed: 544 9bca9196c1d063ae29aea36acedcc1ea288785e99d74e6136fe0e410a8280917
INFO : 2019/06/26 11:15:55 Processed: 545 71ef4f70c8d86b53d1b52d0e524ed77e6561e33b5e876d96dc1f797bc92886bd
INFO : 2019/06/26 11:15:55 Processed: 546 c0cec52a1198624acc7bc1c5bc227ac9a34634edc5a2e90b9fa582879dad3408
INFO : 2019/06/26 11:15:55 Processed: 547 f1f65a40ac3bc1dee81178dafee5bec0c81054127e60c79925d0b6043c043a2b
INFO : 2019/06/26 11:15:55 Processed: 548 200193d7820b3491f2ac3de6d92371985716c0384f6aed3cfacfb860e1bb698f
INFO : 2019/06/26 11:15:55 Processed: 549 994b9b5a53516c81da23a001db240662ea5cc6a3f9989ba654c5a7294317c3b4
INFO : 2019/06/26 11:15:55 Processed: 550 34eff8dd032cb7ee28875ff77ba82cf8c1ebfd5f7e9bc59a990ddaea7f4084af
INFO : 2019/06/26 11:15:55 Processed: 551 ca06576dee865f317931e50732e148552fcfd79e3df9145f4e7f0382b8282324
INFO : 2019/06/26 11:15:55 Processed: 552 6182aec34f884151181c510a62b456be09a7d3008e7c0eabb66d697fe93e9eb9
INFO : 2019/06/26 11:15:55 Processed: 553 3e2b9f52fb2e4169541b462982245efde1c84651ac0e2f9b68dc6a84d6d76985
INFO : 2019/06/26 11:15:55 Processed: 554 720b62e7e71a549c309ac7b291ab2670fbae30bb6067c35f8dc8f48fd14bad6e
INFO : 2019/06/26 11:15:55 Processed: 555 a00671bcd5f8e751dbf977cf920d20d77e0d2ae0a8d8f1d2a3f576b3626cacd8
INFO : 2019/06/26 11:15:55 Processed: 556 6e44fae1c5c3fb65bf4f865674704482f6c1c9a78ec4da3d15843b6228a05954
INFO : 2019/06/26 11:15:55 Processed: 557 b11386e720c1d4a374f952523cae4b1c2b761e9c60fb0f34e4087da17810336a
INFO : 2019/06/26 11:15:55 Processed: 558 6429545dcaa50d2dcc78b584ed130214c144887479512a7c4cbdd977b29eb5f3
INFO : 2019/06/26 11:15:55 Processed: 559 f6d5a5d2a6f40aa0770e0a8c310dc813533967ecea6dac54bd87fe0dd16facc2
INFO : 2019/06/26 11:15:55 Processed: 560 a63137449569c2c21689f4f823f73c35d5643b07fa2e5f14f5ab8792db5d2280
INFO : 2019/06/26 11:15:55 Processed: 561 fc166f75649eb66744db1a2096dd10add31a243c02b99b9aa645c97ac15f152c
INFO : 2019/06/26 11:15:55 Processed: 562 a5046436dce31a9b94f5b66fb37c82bddfc9c89169e584f2addcd8a81cfb77f1
INFO : 2019/06/26 11:15:55 Processed: 563 1128ff47c5a3924d91f20a65a355ede84c01c20502de99aa3109c730ca6c7bbd
INFO : 2019/06/26 11:15:55 Processed: 564 4b7d471176a8c7f0f07996827c6d778a30c08db51e0012849d41b0a8ee40d0e5
INFO : 2019/06/26 11:15:55 Processed: 565 17325cee4b9c19df76834eb8ff974b35176fe5b5008b1b656c373c18c872276e
INFO : 2019/06/26 11:15:55 Processed: 566 ef1485183a6f2e5e127f42e12a251cdeb0ee4cfa83054691368368bfe4d1c539
INFO : 2019/06/26 11:15:55 Processed: 567 f57a67c0a2b15b18cb80f96c8f42dcd6b3e8a7d36c5feca882e5f681c65c7642
INFO : 2019/06/26 11:15:55 Processed: 568 50fedfcadf21df63bcfd4c2a8808ff3b75c25ddabfb93938c8aa957d449d1931
INFO : 2019/06/26 11:15:55 Processed: 569 f607c998568bdee48e434936ed2dcc70a74ae522890bd40753f87c260d497630
INFO : 2019/06/26 11:15:55 Processed: 570 ffe8087b9861717677787829fc3294fef08e2072b3e39d7eff40fde435dff19b
INFO : 2019/06/26 11:15:55 Processed: 571 b2214140541c37aaf89938e055fdf8145e75c51b626df949a7886917697bf3b5
INFO : 2019/06/26 11:15:55 Processed: 572 1bef36e9c455dc9ccc033b531fc28722925690c64a38110d414e943d57ec7b59
INFO : 2019/06/26 11:15:55 Processed: 573 2145a317b381c6fef808975e2fcec7edd5407d4675287a80d32859c0f3013779
INFO : 2019/06/26 11:15:55 Processed: 574 d7205eb17617886b3537b4247f7b7d3b94303a0c391a9757ec02519b399cf26c
INFO : 2019/06/26 11:15:55 Processed: 575 1a0247fcdf6ef58ba3b09b79ed7f783e76e93be860eba80e06e5d7388e63fd4f
INFO : 2019/06/26 11:15:55 Processed: 576 0a2fea99d72ec88807ed1f113ea5b84326f02339ac9109e8d935e8b92d3fe707
INFO : 2019/06/26 11:15:55 Processed: 577 00295b50ff49002328922dc21cb2ef334db2c4de7504d125e41bdd5451e8bec0
INFO : 2019/06/26 11:15:55 Processed: 578 f1c18db0fc5af375b721436a540d26393badda53dd00e257bd2ad48b3e59a8c7
INFO : 2019/06/26 11:15:55 Processed: 579 4723b66dfdb703ae76d268ce79ba3f382fc8f14bc3f85597609eb7c435fca29b
INFO : 2019/06/26 11:15:55 Processed: 580 0c8de107d680ff4323f3a6b13c8caa147c585a2ccefbaeb9b48f965b7319dd65
INFO : 2019/06/26 11:15:55 Processed: 581 53ed4df5e671bbac5f78a92fc4ec5f47d8c163048aaa463e8dcde5787f8ee261
INFO : 2019/06/26 11:15:55 Processed: 582 c8a2841dff4e8268f983c94b5cf1449a9cea0fcf629235a8ca54784447e45887
INFO : 2019/06/26 11:15:55 Processed: 583 b7bca028bb0a3edafb86512cba347c5578aeee34dbc7c76a61cbca48cf23aa6e
INFO : 2019/06/26 11:15:55 Processed: 584 9706029f299a5fda9a6db1d57157bfd51c89db11b8ceb2c95de34bf0efe20bda
INFO : 2019/06/26 11:15:55 Processed: 585 6c719045c186ea978920e007930b52e279757172fe944718c5471294f37d2dbe
INFO : 2019/06/26 11:15:55 Processed: 586 367fd0c0647e6fea65d91f64a489a99eefd4051ae425a3fdab2ebe658c12584a
INFO : 2019/06/26 11:15:55 Processed: 587 1432e9bec279e55d04afc63227e1d3a0792af717337bf029a1c963707b3d2474
INFO : 2019/06/26 11:15:55 Processed: 588 6cc7953f8687c2c68ca12d74baa369bf8c914057a18fe8efbdc4eae6e1c2bb2e
INFO : 2019/06/26 11:15:55 Processed: 589 8b18b2de4ac467d0eb6fb1a0c707bf937630d3db270e3095f156f9e53ad52b8d
INFO : 2019/06/26 11:15:55 Processed: 590 2f9916be757ddec4183e0bb54dbc4b7fe4233fd458891a974e260e64ad098845
INFO : 2019/06/26 11:15:55 Processed: 591 463084f69e4b16cc48b02a3388ec381c22651c38040fb5a28e0dd821905c63f5
INFO : 2019/06/26 11:15:55 Processed: 592 a72d85ec1de1cf404b8a9ba391a73b12b01c7c1a009cf1ff1e9f7de3eda0b089
INFO : 2019/06/26 11:15:55 Processed: 593 26ff9fdfc3e9f87364fc6a48765ffbe50c03ce7eacfcde85e8dc159f0691a945
INFO : 2019/06/26 11:15:55 Processed: 594 c4bb165de4a67ae824fd62bfef90c272ce49ad662918ff292fb4c1748fd69f3b
INFO : 2019/06/26 11:15:55 Processed: 595 c10b18200d9232295db20533adb6cb79b674dcee96af16b4306ac17f7a2afe55
INFO : 2019/06/26 11:15:55 Processed: 596 4d7f1e243c8056e6be1cb5fc9013a7856aae9d90ebe4d1e5676eb246a81ed73d
INFO : 2019/06/26 11:15:55 Processed: 597 59b8b3217d433422c326312cbf3772db421a95639a88c5be5fcfac3df13347b1
INFO : 2019/06/26 11:15:55 Processed: 598 18fe43692d7f12d9eaeb88fcee9aa190a72097a2d157da95656a9a02e70bf348
INFO : 2019/06/26 11:15:55 Processed: 599 953a0710f6d5239028f3efec53cf7abb780e75b32ce14379c2cc257c13409cbf
INFO : 2019/06/26 11:15:55 Processed: 600 da2e4d79886e0946517c54d58cf98c42c9e3f3c2d7154902b68b087189c5adb9
INFO : 2019/06/26 11:15:55 Processed: 601 14b476bd1299b73b51a8cb5e4ca7822dd0772cbc6551172a310a36cdfcc71d1b
INFO : 2019/06/26 11:15:55 Processed: 602 fcd8cb3e3fc358e9b1795bb6d185961c67cfd21941b10d6d64fad18c4b554a0a
INFO : 2019/06/26 11:15:55 Processed: 603 87d59f987fa798e838bd50e175fa5c3efaa4e10b27eae9acb27e948e7871db5a
INFO : 2019/06/26 11:15:55 Processed: 604 032e4ffaf34c5b979d693e6ef0258d23fa15d960fe869348434b69696fffeea3
INFO : 2019/06/26 11:15:55 Processed: 605 fe0b3752c4242802cd72d81d7a0170a45cdcc1ee397c274fc9e475ce55f53d21
INFO : 2019/06/26 11:15:55 Processed: 606 85dabebff9c45d7fcdd4111d9d7d6c22a5cab6eadc651724bf87636529d5d657
INFO : 2019/06/26 11:15:55 Processed: 607 a6fb0a25533ebc3b645a706cdc91f25e9b00f7cec6b0913c313041edc52c46bb
INFO : 2019/06/26 11:15:55 Processed: 608 c2e9026caaa1615cb3cf8788d938b2d80ad2438a7b5dc439f22ab4d6cb692204
INFO : 2019/06/26 11:15:55 Processed: 609 15e8e79ed5610f65050d692a3e625aac7d50f6b41e0d9ac55b73ab6f7c3c90d3
INFO : 2019/06/26 11:15:55 Processed: 610 815d9fb45f1bedc6bf6fbb702083230668dd39a23d6a5abb3fd57efbd3608c36
INFO : 2019/06/26 11:15:55 Processed: 611 688d3c1441d8129bf933fc5e8a625e3b0b36e510c1c61886407a639e015e9c00
INFO : 2019/06/26 11:15:55 Processed: 612 36e6e16b4449f9a28b21b22ace53327f8be4a7623cdf3b76fc9338a71984dc6d
INFO : 2019/06/26 11:15:55 Processed: 613 895d7d0a396b70c9699df3412adb2d8da57d22431093fc80f13380cb8328f530
INFO : 2019/06/26 11:15:55 Processed: 614 7bdaf7990116a9e046acb7704fff577f4aada021b7303f02c61a8d8069cd439a
INFO : 2019/06/26 11:15:55 Processed: 615 d9562cb40ddbcfe1bfa3d6d9d15a8f57ece034ceeb09d5261edb51e46d965396
INFO : 2019/06/26 11:15:55 Processed: 616 4bed142d25f65913aacc0d848ff920ea69fc056583137b26a081b85a6b10c4b4
INFO : 2019/06/26 11:15:55 Processed: 617 29bcb92c7ffcccc3235d22e79f0d8839f5191232f41c14790a008d7f9661c176
INFO : 2019/06/26 11:15:55 Processed: 618 5e471c5cc14e732fb714b10d3cd05359da3ebd6b0be48b4bdf7f142efd0a8310
INFO : 2019/06/26 11:15:55 Processed: 619 427b59c2ef3c8cafce728a0f4e544128292af07bbbd0258415463d5cca310763
INFO : 2019/06/26 11:15:55 Processed: 620 9f0f0d6713f65fd987849afa38cda44326b25161451ebd2f8db7c510472c2cae
INFO : 2019/06/26 11:15:55 Processed: 621 f88ae6b172af74db4c8d47fb2e8e065dd119f1df79f53582c23f2e9149f9c810
INFO : 2019/06/26 11:15:55 Processed: 622 a20794550e4752ddcd18fbc8c1026a151c52f6a823c3a9fd2e76bdef457a54f2
INFO : 2019/06/26 11:15:55 Processed: 623 52a46936d722e9fa33d2c71688ef6a09c45f0c02b59b5e02d4038518f0e27cee
INFO : 2019/06/26 11:15:55 Processed: 624 47f68292c4fdfdfef0b324294553d1d010883de97a39642dbf76da43f4d84751
INFO : 2019/06/26 11:15:55 Processed: 625 fef52ea4e4e13055fa884e43f67256148f44f8a843bbedf9e813968b1970d3fc
INFO : 2019/06/26 11:15:55 Processed: 626 64a8c81a156a40d56462f11b4d3af38acbc4abc826341f3ab84946edc2f13419
INFO : 2019/06/26 11:15:55 Processed: 627 1955b42d4dcc4ff6c8fe95f3df34f22d44705c21a8f15599432328082a12096b
INFO : 2019/06/26 11:15:55 Processed: 628 1289e6072b3c8badacbf7e4a03e7f49174ed898f6f7b8f07116ab7aaa277004d
INFO : 2019/06/26 11:15:55 Processed: 629 e5cb0f2a49ec33fdfa6c03115e3c80759a6980c8f991f5a0f03dfd666e141c63
INFO : 2019/06/26 11:15:55 Processed: 630 2eb961ae9b7415869dff412c65f12e05f2b0b8278f094e0d12028ab55411e704
INFO : 2019/06/26 11:15:55 Processed: 631 83d8119e1be2b921bdbd003aa9e08c2d461272774bb847c0b42e9bb131f42820
INFO : 2019/06/26 11:15:55 Processed: 632 82624639a1a0a7424d708a9f307e9db5c723a9e470ad2d675e72f063908fa550
INFO : 2019/06/26 11:15:55 Processed: 633 0f9179d42401980775ce77056a3e8e9308dbcb5c7009345b4a1b6bd0d36a4c61
INFO : 2019/06/26 11:15:55 Processed: 634 5df2740928e6c2891ef709d1d2bc9b09f773625eb8e2eeb54f2d3a4062c67f1c
INFO : 2019/06/26 11:15:55 Processed: 635 cf517103e401aeddf7f41785a9c3f00e50cd05537de684098ab354b950f1ae57
INFO : 2019/06/26 11:15:55 Processed: 636 6deab362a0625aab9535b554365440762907442b5ecd2a4115d631c9ea008c08
INFO : 2019/06/26 11:15:55 Processed: 637 01860fd8ddbcbdc94491b6c9dea9b8d2c189d21d75f7454a1832aa092259999b
INFO : 2019/06/26 11:15:55 Processed: 638 126316a62ed3beacc22b260aeb91d4a1180c6ce5f6a327536ed7b1ec72b62946
INFO : 2019/06/26 11:15:55 Processed: 639 c17f0a3087cf0cb45d492845edac3f554743c78b819f0b5a0f699c1549d12644
INFO : 2019/06/26 11:15:55 Processed: 640 ef07f9b1fa6cc53b274c8c8f40bc8d2be78186d91fb48a421a789e7041495d68
INFO : 2019/06/26 11:15:55 Processed: 641 5232d82a3e4f1b3074184b4e6731fa9f5a9f6a35a7a9b39e28b707857efe774b
INFO : 2019/06/26 11:15:55 Processed: 642 fe75eb57b69963ff34b40fc997a6bc0d21cc934667e9ec0b63033b338048b5f9
INFO : 2019/06/26 11:15:55 Processed: 643 16b10fcffc8bc7d3caf26041367dee5cd71b866b7ed444a0367fe5a832822915
INFO : 2019/06/26 11:15:55 Processed: 644 32053154c05f13828a5151cb6977d4b1081ff9de16197a750fd3f3eff7f3eacb
INFO : 2019/06/26 11:15:55 Processed: 645 ac4ec061bafa73d790767319858ac8d2de99daf48ab67949df67bcb39dc0ceb7
INFO : 2019/06/26 11:15:55 Processed: 646 0907593d7f8f062d404dd71eda0691d95932142cea5513c587155b7b820e5fb4
INFO : 2019/06/26 11:15:55 Processed: 647 bb8e8d117cbb3fe9291b1168f94dc211a9cc5507d9f88029ab73e11ae4bfb15c
INFO : 2019/06/26 11:15:55 Processed: 648 3e57736761924f1a3bc89572f35050748ca01c46f96f91378b60179dcf01f146
INFO : 2019/06/26 11:15:55 Processed: 649 ae85468f8f9a325aaad26b3772981f12670bdd7ea00be2a02c663e85f18f3589
INFO : 2019/06/26 11:15:55 Processed: 650 241d8787be43e355d7a5234252e3eb90a1b77e73e319b728e74dd82131e71158
INFO : 2019/06/26 11:15:55 Processed: 651 7ec47b41f03c979d4c63e2cdd67e4aafaaf387b90ddae6fd9a6a7ce15cc8f38e
INFO : 2019/06/26 11:15:55 Processed: 652 218304cdbfa4d17e01f0931be31e6dd2ca5cfd0b03ab078e04d5526c28779870
INFO : 2019/06/26 11:15:55 Processed: 653 5941aa3ccbf7f960bf843392702bb3f07db405cf85662a3d20ddcea6be5769ee
INFO : 2019/06/26 11:15:55 Processed: 654 1fa245c5b49b4c2407e7142335ad59db6a599db336e532ea9f2b68290392347d
INFO : 2019/06/26 11:15:55 Processed: 655 3550b07677105fa4f14be5acd4b272582023a7979b756dbbb7e66b2e48e6c941
INFO : 2019/06/26 11:15:55 Processed: 656 c60a94cc585130e510d128814af73b7f54f5120e857b4e0e357a00dfcb1b5b50
INFO : 2019/06/26 11:15:55 Processed: 657 0aad0e152474926f98c0ce12804662790042b35713804dc923c7dbd162eda8de
INFO : 2019/06/26 11:15:55 Processed: 658 aed06e25307099da7611e8e0434243792013621ac32eedab9056e71819c880a3
INFO : 2019/06/26 11:15:55 Processed: 659 e95682d02dcd5546e2e21260eb9a27a4bd242c454e76112138207ea321300014
INFO : 2019/06/26 11:15:55 Processed: 660 df833eadfcb38825e209285b7bcb922918de6c22ed91dceee6c59e55c667794d
INFO : 2019/06/26 11:15:55 Processed: 661 8c622568ab8a2bad5bd557bec7a1528f44dbff12ee73d89ac5d7a425fe71854a
INFO : 2019/06/26 11:15:55 Processed: 662 c87467329e7afe5c9c1086a7aec92ef9c25818fd445545ca389d2ef4ccbd0112
INFO : 2019/06/26 11:15:55 Processed: 663 8eac218ee4a73ad395cb6a7ae2557620d95bd39882064fbd0df828a8a87c3b6f
INFO : 2019/06/26 11:15:55 Processed: 664 9524a235e0bd9b39e1c5f472b3a1eed1ac658d8dbfd88fc3cd0e80944584c69b
INFO : 2019/06/26 11:15:55 Processed: 665 5a29a77357c81ac4fd3c8c447b38df4bd516c6f3fadfc2b55f63a26ffcbaf417
INFO : 2019/06/26 11:15:55 Processed: 666 b9ca63a6f1642dcd5341999a969de2122c64406bee03b1ea772a96b2eca5b7ca
INFO : 2019/06/26 11:15:55 Processed: 667 709386ff8d749b07a396b3f89b1cb9370e46030db3382ca083d2e7930cb609a1
INFO : 2019/06/26 11:15:55 Processed: 668 c2160d5d6c26e3c56072f5e92be536f1c496b2fbbb1791bd701e787905fffc63
INFO : 2019/06/26 11:15:55 Processed: 669 9ac108deb9768f5f6fc7850d30e25b62b7c5facdbc41729cfe91787f8b52ac6c
INFO : 2019/06/26 11:15:55 Processed: 670 6599d9337972fc1cf184045dd1961ccc54c97cbc5fe675a4ea80b9fddfe59faf
INFO : 2019/06/26 11:15:55 Processed: 671 2f09973f4918c23e182b7d7b24ea7e8cf767e8a588a641daa02ab66aba1a8b7e
INFO : 2019/06/26 11:15:55 Processed: 672 95f0eebf71927905f53d592f5950b707e325d27e4e6edf424c93479d2577129f
INFO : 2019/06/26 11:15:55 Processed: 673 574d12e44ff0bb287ed0e58a20a1e0803a50e397060bc2ffc894a08cd89bdedb
INFO : 2019/06/26 11:15:55 Processed: 674 6e9a23b511ff5f4e5d7de1f508f86ce0709884d305b3498e0d16d7259f4a3709
INFO : 2019/06/26 11:15:55 Processed: 675 27d1964cad040fb2b19bb7e5dcd62d51fbdd522f6e50295eb19880a0489476e6
INFO : 2019/06/26 11:15:55 Processed: 676 c5cc4501f2ed3d8d8ea11406a2dd9accc984a05a530d60ac8b2865548f1af779
INFO : 2019/06/26 11:15:55 Processed: 677 c5364b4202d0c1ec6f2b5705fe13710859ee788a7e7c45d40266bf4b17154d90
INFO : 2019/06/26 11:15:55 Processed: 678 e0def6b9eeefc60d34064aa60311d230e3614c3012a11a1b0a61e5cbcf6ad92e
INFO : 2019/06/26 11:15:55 Processed: 679 3bf10bb5e1349582833e7af871ebf811d78b32e718f28880ad309ebdd5bff58b
INFO : 2019/06/26 11:15:55 Processed: 680 01e904a5c898058b5a1c0fe0b33699e84b7813b45693a7ae5e425e0573016eeb
INFO : 2019/06/26 11:15:55 Processed: 681 c6d8b83dd3784b9f1e19864159da87b9c4956cdeca69d315409c375c2ba9f6fe
INFO : 2019/06/26 11:15:55 Processed: 682 bd0281b2b33554089f10d3dae09d6bb979523b278ac9b9476b799aead6ad6023
INFO : 2019/06/26 11:15:55 Processed: 683 7362f80827f1d7ca057f85c2942eee6d852805310358e418f9f9ab3863ec5006
INFO : 2019/06/26 11:15:55 Processed: 684 c99cdd2f3db0cb8d39f3a4b3f667198d538d916a2d3912a6376e8fc25c3ba157
INFO : 2019/06/26 11:15:55 Processed: 685 bd6e3c83787d90d20fd6a081ea853c9ab4b2f5e26422d3cb4d5ed8f073c6614d
INFO : 2019/06/26 11:15:55 Processed: 686 62dd9737c63b95faedcc685d3bc6704f742bbf9f5adad7fa04319126a8ce5ec8
INFO : 2019/06/26 11:15:55 Processed: 687 96eee558e36d435b1e005bb1d122d2695778de82c3efe45c80da49385e4b71ae
INFO : 2019/06/26 11:15:55 Processed: 688 c54fbd0077326146e7379cb540737fec5fa2fab54d32e24ce9a9f2030d91efd0
INFO : 2019/06/26 11:15:55 Processed: 689 82137b398dd5166d8ced3a09263279131d8757370c9a6d13b44bc534dca0334a
INFO : 2019/06/26 11:15:55 Processed: 690 c9820e9a3671d12e3373376b575a89167d36268ba8dca7039c542dd128384a12
INFO : 2019/06/26 11:15:55 Processed: 691 0e034ed47203b8581539d603a62e81326ac0c3cfece672b1e710c65154d87b68
INFO : 2019/06/26 11:15:55 Processed: 692 6caec6a187eca27c6d716bd06e69f529a01d07998df79bcbe9ad00619e3244fa
INFO : 2019/06/26 11:15:55 Processed: 693 0a5348ade90bf4d7b7ba1d6f9465351413ffe67b24710c39d80f100a41b555a9
INFO : 2019/06/26 11:15:55 Processed: 694 936695b6317fd9a3a08dca865f167fa759a4eddf05824d3cff3575e53264f76d
INFO : 2019/06/26 11:15:55 Processed: 695 017d8f6059ed41b1c16d7dd874d9b9c9e2f828d903831f5e945201db1e4ffbb6
INFO : 2019/06/26 11:15:55 Processed: 696 c2d23356fe38bc1dfb40c01cc058449762c4d5daf81b12166e5662e2bc885460
INFO : 2019/06/26 11:15:55 Processed: 697 b9c805d7186139c2d8594748acea3088ef5050506598655ed97edcb6546c4825
INFO : 2019/06/26 11:15:55 Processed: 698 613e93d0903ab58b77f15626978727e1b9c2a2a946cab90eacc099b93108ed87
INFO : 2019/06/26 11:15:55 Processed: 699 6a0e94b74de89c9007ae40b24f3a980283e947078f0c122fc0786f2b30685fe3
INFO : 2019/06/26 11:15:55 Processed: 700 56640ed0ca15bfd8e677e57fc0d75770f1072cc8d880eb414bc8b8b6ca25d9de
INFO : 2019/06/26 11:15:55 Processed: 701 7cf7d8b6c99fc27ea6731e9aa6c18af9b4076859f0154c4ac55146ff7342b1af
INFO : 2019/06/26 11:15:55 Processed: 702 28aa1747876fb0c051812bcfb33083d72b24ea6e02929cfcc5386d72fcbb755e
INFO : 2019/06/26 11:15:55 Processed: 703 89a6effebb736cd21937d1bdff2cdc0cf25688d830a54dbfc0aa5f7fc152045c
INFO : 2019/06/26 11:15:55 Processed: 704 6ba2ace9d875907f3ba07baedfd32bac5ba0909e0ecbf08cd127b34ed3521c54
INFO : 2019/06/26 11:15:55 Processed: 705 98a322d6e1b9cac8118b64cb6142dd343b84243da488ebc33d92f06343f9efad
INFO : 2019/06/26 11:15:55 Processed: 706 650b9181487a288c9539ae34e5b547391db22d94a105b9399c06bf87a76e5aaa
INFO : 2019/06/26 11:15:55 Processed: 707 63448c8a64652b350735f2d9a26cbaa01f7d99ea4de3d8b736772eeb628dd706
INFO : 2019/06/26 11:15:55 Processed: 708 a56d790a7761a57d28b5ffbed983483a9fc4f91c4b08c47d1862a5daec0fe548
INFO : 2019/06/26 11:15:55 Processed: 709 0c59c40d720ebca2f67b8a625ec06d164f6357aed2389abbd05982a0e46e6800
INFO : 2019/06/26 11:15:55 Processed: 710 c0042b60582852382023ba482b6ae4aae9f579ac2c001a372557d60a9e0b4334
INFO : 2019/06/26 11:15:55 Processed: 711 aafff2bd10b7ee4cf6b169ecc307f49cb7c66c8ade3b1f8816c106b76e3db851
INFO : 2019/06/26 11:15:55 Processed: 712 3510463e962bf6a0f7963c5796e72c8d61b0024f673e08fff6f43e36193c47e0
INFO : 2019/06/26 11:15:55 Processed: 713 5b49a7e7d1abcd3270615db41b7764ab0fc0a8d037941613b15d16fe0e81c0e2
INFO : 2019/06/26 11:15:55 Processed: 714 c4b537a844e21b977b6efe0c0c5da09b8d2da6cdfb1c50821ed0354a527a5b91
INFO : 2019/06/26 11:15:55 Processed: 715 c4542d146a722b0285334722e5e8db4881701c4b3255d944203d11f2f4ad0f77
INFO : 2019/06/26 11:15:55 Processed: 716 786b0b8d30dd3d156d4a37886425ad18477ab2943510b1ce38a73fbf11dd36d3
INFO : 2019/06/26 11:15:55 Processed: 717 f60891cd221722c31798b41f09288b1d0e0e3dc2ce615503f8d282f616558fcd
INFO : 2019/06/26 11:15:55 Processed: 718 8f24e6a6b94dcfdd9315094db2e0655703394818bf953e61e8b3952c161d3642
INFO : 2019/06/26 11:15:55 Processed: 719 b7a085a8d64eb77bfe027e6cbb0a1a5a8085a543951bc338b4c8c9900a00cdcc
INFO : 2019/06/26 11:15:55 Processed: 720 5e1bb581cb5b29e5954c6fa176d691b35092d19f59d10b9e48cc06a19b3f3f22
INFO : 2019/06/26 11:15:55 Processed: 721 93ca8f7f8143c3524a95a744cecfbf8e9d9ccbca2db0e55cf2f846ddf8318968
INFO : 2019/06/26 11:15:55 Processed: 722 6f39275406baccbbc3cec3c4e46b15fcd47e30bceb3429bfc2f60046141b8290
INFO : 2019/06/26 11:15:55 Processed: 723 d3963d505e907afcc56b77df1d5e52ac2ee176a7ca8993fb4260319bcd2e96b2
INFO : 2019/06/26 11:15:55 Processed: 724 f59af8ccb331c109ad4b01c1ae8d5decd734c4929a3872a97fc7010cb2a8b00b
INFO : 2019/06/26 11:15:55 Processed: 725 0277cc22eca8945d8e82ef33938d36d171d11a71b6e935b066799b648706169e
INFO : 2019/06/26 11:15:55 Processed: 726 b66de8088df5b34fa245ec04d29467352b72f1eb4448d70402bf1d081da6b4cf
INFO : 2019/06/26 11:15:55 Processed: 727 9e5cb7ecd734dc7ae9e5801bbc1ec8dc4ae448a94f82acbdca3995fdfe41386e
INFO : 2019/06/26 11:15:55 Processed: 728 a2595d99d9676b9c269e2d3d87e4e031f490941846ab5ceb760fb5509b90b00d
INFO : 2019/06/26 11:15:55 Processed: 729 63f2afd2979f69fa4fb03c5e9ce3c053b4608fbe94d13d45d1393fa1693d0437
INFO : 2019/06/26 11:15:55 Processed: 730 47dc76d715c35ed22827d62cc078d324a38fff6c568f5347070dbaabc93898d2
INFO : 2019/06/26 11:15:55 Finish
